[27-Jan-2018 02:32:05 UTC] PHP Fatal error:  Class 'Requests_Hooks' not found in /app/public/wp-includes/class-wp-http-requests-hooks.php on line 17
[27-Jan-2018 02:32:06 UTC] PHP Fatal error:  Uncaught Error: Class 'WP_CLI\SynopsisValidator' not found in phar:///usr/local/bin/wp/php/WP_CLI/Dispatcher/Subcommand.php:254
Stack trace:
#0 phar:///usr/local/bin/wp/php/WP_CLI/Dispatcher/Subcommand.php(386): WP_CLI\Dispatcher\Subcommand->validate_args(Array, Array, Array)
#1 phar:///usr/local/bin/wp/php/WP_CLI/Runner.php(323): WP_CLI\Dispatcher\Subcommand->invoke(Array, Array, Array)
#2 phar:///usr/local/bin/wp/php/WP_CLI/Runner.php(330): WP_CLI\Runner->run_command(Array, Array)
#3 phar:///usr/local/bin/wp/php/WP_CLI/Runner.php(985): WP_CLI\Runner->_run_command()
#4 phar:///usr/local/bin/wp/php/WP_CLI/Bootstrap/LaunchRunner.php(23): WP_CLI\Runner->start()
#5 phar:///usr/local/bin/wp/php/bootstrap.php(75): WP_CLI\Bootstrap\LaunchRunner->process(Object(WP_CLI\Bootstrap\BootstrapState))
#6 phar:///usr/local/bin/wp/php/wp-cli.php(23): WP_CLI\bootstrap()
#7 phar:///usr/local/bin/wp/php/boot-phar.php(8): include('phar:///usr/loc...')
#8 /usr/local/bin/wp(4): include('phar:///usr/loc...')
#9 {main}
  thrown in phar:///usr/local/bin/wp/php/WP_CLI/Dispatcher/Subcommand.php on line 254
[27-Jan-2018 03:54:13 UTC] PHP Warning:  A non-numeric value encountered in /app/public/wp-content/themes/fictional-university-theme/index.php on line 3
[27-Jan-2018 03:54:13 UTC] PHP Warning:  A non-numeric value encountered in /app/public/wp-content/themes/fictional-university-theme/index.php on line 3
[27-Jan-2018 03:54:13 UTC] PHP Warning:  A non-numeric value encountered in /app/public/wp-content/themes/fictional-university-theme/index.php on line 3
[27-Jan-2018 03:54:13 UTC] PHP Warning:  A non-numeric value encountered in /app/public/wp-content/themes/fictional-university-theme/index.php on line 3
[27-Jan-2018 03:54:13 UTC] PHP Warning:  A non-numeric value encountered in /app/public/wp-content/themes/fictional-university-theme/index.php on line 3
[27-Jan-2018 03:54:13 UTC] PHP Warning:  A non-numeric value encountered in /app/public/wp-content/themes/fictional-university-theme/index.php on line 3
[27-Jan-2018 14:01:08 UTC] PHP Fatal error:  Uncaught Error: Call to undefined function thepost() in /app/public/wp-content/themes/fictional-university-theme/index.php:3
Stack trace:
#0 /app/public/wp-includes/template-loader.php(74): include()
#1 /app/public/wp-blog-header.php(19): require_once('/app/public/wp-...')
#2 /app/public/index.php(17): require('/app/public/wp-...')
#3 {main}
  thrown in /app/public/wp-content/themes/fictional-university-theme/index.php on line 3
[27-Jan-2018 14:01:54 UTC] PHP Parse error:  syntax error, unexpected '<' in /app/public/wp-content/themes/fictional-university-theme/index.php on line 4
[27-Jan-2018 14:32:50 UTC] PHP Fatal error:  Uncaught Error: Call to undefined function have_pages() in /app/public/wp-content/themes/fictional-university-theme/page.php:1
Stack trace:
#0 /app/public/wp-includes/template-loader.php(74): include()
#1 /app/public/wp-blog-header.php(19): require_once('/app/public/wp-...')
#2 /app/public/index.php(17): require('/app/public/wp-...')
#3 {main}
  thrown in /app/public/wp-content/themes/fictional-university-theme/page.php on line 1
