2018-01-27 02:36:11 44 [Warning] Using unique option prefix myisam-recover instead of myisam-recover-options is deprecated and will be removed in a future release. Please use the full name instead.
2018-01-27 02:36:11 44 [Note] Plugin 'FEDERATED' is disabled.
2018-01-27 02:36:11 44 [Note] InnoDB: Using atomics to ref count buffer pool pages
2018-01-27 02:36:11 44 [Note] InnoDB: The InnoDB memory heap is disabled
2018-01-27 02:36:11 44 [Note] InnoDB: Mutexes and rw_locks use GCC atomic builtins
2018-01-27 02:36:11 44 [Note] InnoDB: Memory barrier is not used
2018-01-27 02:36:11 44 [Note] InnoDB: Compressed tables use zlib 1.2.3
2018-01-27 02:36:11 44 [Note] InnoDB: Using Linux native AIO
2018-01-27 02:36:11 44 [Note] InnoDB: Using CPU crc32 instructions
2018-01-27 02:36:11 44 [Note] InnoDB: Initializing buffer pool, size = 32.0M
2018-01-27 02:36:11 44 [Note] InnoDB: Completed initialization of buffer pool
2018-01-27 02:36:11 44 [Note] InnoDB: Highest supported file format is Barracuda.
2018-01-27 02:36:11 44 [Note] InnoDB: 128 rollback segment(s) are active.
2018-01-27 02:36:11 44 [Note] InnoDB: Waiting for purge to start
2018-01-27 02:36:11 44 [Note] InnoDB: 5.6.37 started; log sequence number 2470031
2018-01-27 02:36:11 44 [Note] Server hostname (bind-address): '*'; port: 3306
2018-01-27 02:36:11 44 [Note] IPv6 is available.
2018-01-27 02:36:11 44 [Note]   - '::' resolves to '::';
2018-01-27 02:36:11 44 [Note] Server socket created on IP: '::'.
2018-01-27 02:36:11 44 [Warning] 'user' entry 'root@e24d0b5cccc1' ignored in --skip-name-resolve mode.
2018-01-27 02:36:11 44 [Warning] 'user' entry '@e24d0b5cccc1' ignored in --skip-name-resolve mode.
2018-01-27 02:36:11 44 [Warning] 'proxies_priv' entry '@ root@e24d0b5cccc1' ignored in --skip-name-resolve mode.
2018-01-27 02:36:11 44 [Note] Event Scheduler: Loaded 0 events
2018-01-27 02:36:11 44 [Note] /usr/sbin/mysqld: ready for connections.
Version: '5.6.37'  socket: '/var/run/mysqld/mysqld.sock'  port: 3306  MySQL Community Server (GPL)
2018-01-27 02:40:45 44 [Note] /usr/sbin/mysqld: Normal shutdown

2018-01-27 02:40:45 44 [Note] Giving 0 client threads a chance to die gracefully
2018-01-27 02:40:45 44 [Note] Event Scheduler: Purging the queue. 0 events
2018-01-27 02:40:45 44 [Note] Shutting down slave threads
2018-01-27 02:40:45 44 [Note] Forcefully disconnecting 0 remaining clients
2018-01-27 02:40:45 44 [Note] Binlog end
2018-01-27 02:40:45 44 [Note] Shutting down plugin 'partition'
2018-01-27 02:40:45 44 [Note] Shutting down plugin 'INNODB_SYS_DATAFILES'
2018-01-27 02:40:45 44 [Note] Shutting down plugin 'INNODB_SYS_TABLESPACES'
2018-01-27 02:40:45 44 [Note] Shutting down plugin 'INNODB_SYS_FOREIGN_COLS'
2018-01-27 02:40:45 44 [Note] Shutting down plugin 'INNODB_SYS_FOREIGN'
2018-01-27 02:40:45 44 [Note] Shutting down plugin 'INNODB_SYS_FIELDS'
2018-01-27 02:40:45 44 [Note] Shutting down plugin 'INNODB_SYS_COLUMNS'
2018-01-27 02:40:45 44 [Note] Shutting down plugin 'INNODB_SYS_INDEXES'
2018-01-27 02:40:45 44 [Note] Shutting down plugin 'INNODB_SYS_TABLESTATS'
2018-01-27 02:40:45 44 [Note] Shutting down plugin 'INNODB_SYS_TABLES'
2018-01-27 02:40:45 44 [Note] Shutting down plugin 'INNODB_FT_INDEX_TABLE'
2018-01-27 02:40:45 44 [Note] Shutting down plugin 'INNODB_FT_INDEX_CACHE'
2018-01-27 02:40:45 44 [Note] Shutting down plugin 'INNODB_FT_CONFIG'
2018-01-27 02:40:45 44 [Note] Shutting down plugin 'INNODB_FT_BEING_DELETED'
2018-01-27 02:40:45 44 [Note] Shutting down plugin 'INNODB_FT_DELETED'
2018-01-27 02:40:45 44 [Note] Shutting down plugin 'INNODB_FT_DEFAULT_STOPWORD'
2018-01-27 02:40:45 44 [Note] Shutting down plugin 'INNODB_METRICS'
2018-01-27 02:40:45 44 [Note] Shutting down plugin 'INNODB_BUFFER_POOL_STATS'
2018-01-27 02:40:45 44 [Note] Shutting down plugin 'INNODB_BUFFER_PAGE_LRU'
2018-01-27 02:40:45 44 [Note] Shutting down plugin 'INNODB_BUFFER_PAGE'
2018-01-27 02:40:45 44 [Note] Shutting down plugin 'INNODB_CMP_PER_INDEX_RESET'
2018-01-27 02:40:45 44 [Note] Shutting down plugin 'INNODB_CMP_PER_INDEX'
2018-01-27 02:40:45 44 [Note] Shutting down plugin 'INNODB_CMPMEM_RESET'
2018-01-27 02:40:45 44 [Note] Shutting down plugin 'INNODB_CMPMEM'
2018-01-27 02:40:45 44 [Note] Shutting down plugin 'INNODB_CMP_RESET'
2018-01-27 02:40:45 44 [Note] Shutting down plugin 'INNODB_CMP'
2018-01-27 02:40:45 44 [Note] Shutting down plugin 'INNODB_LOCK_WAITS'
2018-01-27 02:40:45 44 [Note] Shutting down plugin 'INNODB_LOCKS'
2018-01-27 02:40:45 44 [Note] Shutting down plugin 'INNODB_TRX'
2018-01-27 02:40:45 44 [Note] Shutting down plugin 'InnoDB'
2018-01-27 02:40:45 44 [Note] InnoDB: FTS optimize thread exiting.
2018-01-27 02:40:45 44 [Note] InnoDB: Starting shutdown...
2018-01-27 02:40:46 44 [Note] InnoDB: Shutdown completed; log sequence number 2470041
2018-01-27 02:40:46 44 [Note] Shutting down plugin 'BLACKHOLE'
2018-01-27 02:40:46 44 [Note] Shutting down plugin 'ARCHIVE'
2018-01-27 02:40:46 44 [Note] Shutting down plugin 'PERFORMANCE_SCHEMA'
2018-01-27 02:40:46 44 [Note] Shutting down plugin 'MEMORY'
2018-01-27 02:40:46 44 [Note] Shutting down plugin 'MyISAM'
2018-01-27 02:40:46 44 [Note] Shutting down plugin 'MRG_MYISAM'
2018-01-27 02:40:46 44 [Note] Shutting down plugin 'CSV'
2018-01-27 02:40:46 44 [Note] Shutting down plugin 'sha256_password'
2018-01-27 02:40:46 44 [Note] Shutting down plugin 'mysql_old_password'
2018-01-27 02:40:46 44 [Note] Shutting down plugin 'mysql_native_password'
2018-01-27 02:40:46 44 [Note] Shutting down plugin 'binlog'
2018-01-27 02:40:46 44 [Note] /usr/sbin/mysqld: Shutdown complete

2018-01-27 02:49:51 46 [Warning] Using unique option prefix myisam-recover instead of myisam-recover-options is deprecated and will be removed in a future release. Please use the full name instead.
2018-01-27 02:49:51 46 [Note] Plugin 'FEDERATED' is disabled.
2018-01-27 02:49:51 46 [Note] InnoDB: Using atomics to ref count buffer pool pages
2018-01-27 02:49:51 46 [Note] InnoDB: The InnoDB memory heap is disabled
2018-01-27 02:49:51 46 [Note] InnoDB: Mutexes and rw_locks use GCC atomic builtins
2018-01-27 02:49:51 46 [Note] InnoDB: Memory barrier is not used
2018-01-27 02:49:51 46 [Note] InnoDB: Compressed tables use zlib 1.2.3
2018-01-27 02:49:51 46 [Note] InnoDB: Using Linux native AIO
2018-01-27 02:49:51 46 [Note] InnoDB: Using CPU crc32 instructions
2018-01-27 02:49:51 46 [Note] InnoDB: Initializing buffer pool, size = 32.0M
2018-01-27 02:49:51 46 [Note] InnoDB: Completed initialization of buffer pool
2018-01-27 02:49:51 46 [Note] InnoDB: Highest supported file format is Barracuda.
2018-01-27 02:49:52 46 [Note] InnoDB: 128 rollback segment(s) are active.
2018-01-27 02:49:52 46 [Note] InnoDB: Waiting for purge to start
2018-01-27 02:49:52 46 [Note] InnoDB: 5.6.37 started; log sequence number 2470041
2018-01-27 02:49:52 46 [Note] Server hostname (bind-address): '*'; port: 3306
2018-01-27 02:49:52 46 [Note] IPv6 is available.
2018-01-27 02:49:52 46 [Note]   - '::' resolves to '::';
2018-01-27 02:49:52 46 [Note] Server socket created on IP: '::'.
2018-01-27 02:49:52 46 [Warning] 'user' entry 'root@e24d0b5cccc1' ignored in --skip-name-resolve mode.
2018-01-27 02:49:52 46 [Warning] 'user' entry '@e24d0b5cccc1' ignored in --skip-name-resolve mode.
2018-01-27 02:49:52 46 [Warning] 'proxies_priv' entry '@ root@e24d0b5cccc1' ignored in --skip-name-resolve mode.
2018-01-27 02:49:52 46 [Note] Event Scheduler: Loaded 0 events
2018-01-27 02:49:52 46 [Note] /usr/sbin/mysqld: ready for connections.
Version: '5.6.37'  socket: '/var/run/mysqld/mysqld.sock'  port: 3306  MySQL Community Server (GPL)
2018-01-27 02:50:25 46 [Note] /usr/sbin/mysqld: Normal shutdown

2018-01-27 02:50:25 46 [Note] Giving 0 client threads a chance to die gracefully
2018-01-27 02:50:25 46 [Note] Event Scheduler: Purging the queue. 0 events
2018-01-27 02:50:25 46 [Note] Shutting down slave threads
2018-01-27 02:50:25 46 [Note] Forcefully disconnecting 0 remaining clients
2018-01-27 02:50:25 46 [Note] Binlog end
2018-01-27 02:50:25 46 [Note] Shutting down plugin 'partition'
2018-01-27 02:50:25 46 [Note] Shutting down plugin 'INNODB_SYS_DATAFILES'
2018-01-27 02:50:25 46 [Note] Shutting down plugin 'INNODB_SYS_TABLESPACES'
2018-01-27 02:50:25 46 [Note] Shutting down plugin 'INNODB_SYS_FOREIGN_COLS'
2018-01-27 02:50:25 46 [Note] Shutting down plugin 'INNODB_SYS_FOREIGN'
2018-01-27 02:50:25 46 [Note] Shutting down plugin 'INNODB_SYS_FIELDS'
2018-01-27 02:50:25 46 [Note] Shutting down plugin 'INNODB_SYS_COLUMNS'
2018-01-27 02:50:25 46 [Note] Shutting down plugin 'INNODB_SYS_INDEXES'
2018-01-27 02:50:25 46 [Note] Shutting down plugin 'INNODB_SYS_TABLESTATS'
2018-01-27 02:50:25 46 [Note] Shutting down plugin 'INNODB_SYS_TABLES'
2018-01-27 02:50:25 46 [Note] Shutting down plugin 'INNODB_FT_INDEX_TABLE'
2018-01-27 02:50:25 46 [Note] Shutting down plugin 'INNODB_FT_INDEX_CACHE'
2018-01-27 02:50:25 46 [Note] Shutting down plugin 'INNODB_FT_CONFIG'
2018-01-27 02:50:25 46 [Note] Shutting down plugin 'INNODB_FT_BEING_DELETED'
2018-01-27 02:50:25 46 [Note] Shutting down plugin 'INNODB_FT_DELETED'
2018-01-27 02:50:25 46 [Note] Shutting down plugin 'INNODB_FT_DEFAULT_STOPWORD'
2018-01-27 02:50:25 46 [Note] Shutting down plugin 'INNODB_METRICS'
2018-01-27 02:50:25 46 [Note] Shutting down plugin 'INNODB_BUFFER_POOL_STATS'
2018-01-27 02:50:25 46 [Note] Shutting down plugin 'INNODB_BUFFER_PAGE_LRU'
2018-01-27 02:50:25 46 [Note] Shutting down plugin 'INNODB_BUFFER_PAGE'
2018-01-27 02:50:25 46 [Note] Shutting down plugin 'INNODB_CMP_PER_INDEX_RESET'
2018-01-27 02:50:25 46 [Note] Shutting down plugin 'INNODB_CMP_PER_INDEX'
2018-01-27 02:50:25 46 [Note] Shutting down plugin 'INNODB_CMPMEM_RESET'
2018-01-27 02:50:25 46 [Note] Shutting down plugin 'INNODB_CMPMEM'
2018-01-27 02:50:25 46 [Note] Shutting down plugin 'INNODB_CMP_RESET'
2018-01-27 02:50:25 46 [Note] Shutting down plugin 'INNODB_CMP'
2018-01-27 02:50:25 46 [Note] Shutting down plugin 'INNODB_LOCK_WAITS'
2018-01-27 02:50:25 46 [Note] Shutting down plugin 'INNODB_LOCKS'
2018-01-27 02:50:25 46 [Note] Shutting down plugin 'INNODB_TRX'
2018-01-27 02:50:25 46 [Note] Shutting down plugin 'InnoDB'
2018-01-27 02:50:25 46 [Note] InnoDB: FTS optimize thread exiting.
2018-01-27 02:50:25 46 [Note] InnoDB: Starting shutdown...
2018-01-27 02:50:27 46 [Note] InnoDB: Shutdown completed; log sequence number 2470051
2018-01-27 02:50:27 46 [Note] Shutting down plugin 'BLACKHOLE'
2018-01-27 02:50:27 46 [Note] Shutting down plugin 'ARCHIVE'
2018-01-27 02:50:27 46 [Note] Shutting down plugin 'PERFORMANCE_SCHEMA'
2018-01-27 02:50:27 46 [Note] Shutting down plugin 'MEMORY'
2018-01-27 02:50:27 46 [Note] Shutting down plugin 'MyISAM'
2018-01-27 02:50:27 46 [Note] Shutting down plugin 'MRG_MYISAM'
2018-01-27 02:50:27 46 [Note] Shutting down plugin 'CSV'
2018-01-27 02:50:27 46 [Note] Shutting down plugin 'sha256_password'
2018-01-27 02:50:27 46 [Note] Shutting down plugin 'mysql_old_password'
2018-01-27 02:50:27 46 [Note] Shutting down plugin 'mysql_native_password'
2018-01-27 02:50:27 46 [Note] Shutting down plugin 'binlog'
2018-01-27 02:50:27 46 [Note] /usr/sbin/mysqld: Shutdown complete

2018-01-27 02:58:15 22 [Warning] Using unique option prefix myisam-recover instead of myisam-recover-options is deprecated and will be removed in a future release. Please use the full name instead.
2018-01-27 02:58:15 22 [Note] Plugin 'FEDERATED' is disabled.
2018-01-27 02:58:15 22 [Note] InnoDB: Using atomics to ref count buffer pool pages
2018-01-27 02:58:15 22 [Note] InnoDB: The InnoDB memory heap is disabled
2018-01-27 02:58:15 22 [Note] InnoDB: Mutexes and rw_locks use GCC atomic builtins
2018-01-27 02:58:15 22 [Note] InnoDB: Memory barrier is not used
2018-01-27 02:58:15 22 [Note] InnoDB: Compressed tables use zlib 1.2.3
2018-01-27 02:58:15 22 [Note] InnoDB: Using Linux native AIO
2018-01-27 02:58:15 22 [Note] InnoDB: Using CPU crc32 instructions
2018-01-27 02:58:15 22 [Note] InnoDB: Initializing buffer pool, size = 32.0M
2018-01-27 02:58:15 22 [Note] InnoDB: Completed initialization of buffer pool
2018-01-27 02:58:15 22 [Note] InnoDB: Highest supported file format is Barracuda.
2018-01-27 02:58:16 22 [Note] InnoDB: 128 rollback segment(s) are active.
2018-01-27 02:58:16 22 [Note] InnoDB: Waiting for purge to start
2018-01-27 02:58:16 22 [Note] InnoDB: 5.6.37 started; log sequence number 2470051
2018-01-27 02:58:16 22 [Note] Server hostname (bind-address): '*'; port: 3306
2018-01-27 02:58:16 22 [Note] IPv6 is available.
2018-01-27 02:58:16 22 [Note]   - '::' resolves to '::';
2018-01-27 02:58:16 22 [Note] Server socket created on IP: '::'.
2018-01-27 02:58:16 22 [Warning] 'user' entry 'root@e24d0b5cccc1' ignored in --skip-name-resolve mode.
2018-01-27 02:58:16 22 [Warning] 'user' entry '@e24d0b5cccc1' ignored in --skip-name-resolve mode.
2018-01-27 02:58:16 22 [Warning] 'proxies_priv' entry '@ root@e24d0b5cccc1' ignored in --skip-name-resolve mode.
2018-01-27 02:58:16 22 [Note] Event Scheduler: Loaded 0 events
2018-01-27 02:58:16 22 [Note] /usr/sbin/mysqld: ready for connections.
Version: '5.6.37'  socket: '/var/run/mysqld/mysqld.sock'  port: 3306  MySQL Community Server (GPL)
2018-01-27 03:03:40 22 [Note] /usr/sbin/mysqld: Normal shutdown

2018-01-27 03:03:40 22 [Note] Giving 0 client threads a chance to die gracefully
2018-01-27 03:03:40 22 [Note] Event Scheduler: Purging the queue. 0 events
2018-01-27 03:03:40 22 [Note] Shutting down slave threads
2018-01-27 03:03:40 22 [Note] Forcefully disconnecting 0 remaining clients
2018-01-27 03:03:40 22 [Note] Binlog end
2018-01-27 03:03:40 22 [Note] Shutting down plugin 'partition'
2018-01-27 03:03:40 22 [Note] Shutting down plugin 'INNODB_SYS_DATAFILES'
2018-01-27 03:03:40 22 [Note] Shutting down plugin 'INNODB_SYS_TABLESPACES'
2018-01-27 03:03:40 22 [Note] Shutting down plugin 'INNODB_SYS_FOREIGN_COLS'
2018-01-27 03:03:40 22 [Note] Shutting down plugin 'INNODB_SYS_FOREIGN'
2018-01-27 03:03:40 22 [Note] Shutting down plugin 'INNODB_SYS_FIELDS'
2018-01-27 03:03:40 22 [Note] Shutting down plugin 'INNODB_SYS_COLUMNS'
2018-01-27 03:03:40 22 [Note] Shutting down plugin 'INNODB_SYS_INDEXES'
2018-01-27 03:03:40 22 [Note] Shutting down plugin 'INNODB_SYS_TABLESTATS'
2018-01-27 03:03:40 22 [Note] Shutting down plugin 'INNODB_SYS_TABLES'
2018-01-27 03:03:40 22 [Note] Shutting down plugin 'INNODB_FT_INDEX_TABLE'
2018-01-27 03:03:40 22 [Note] Shutting down plugin 'INNODB_FT_INDEX_CACHE'
2018-01-27 03:03:40 22 [Note] Shutting down plugin 'INNODB_FT_CONFIG'
2018-01-27 03:03:40 22 [Note] Shutting down plugin 'INNODB_FT_BEING_DELETED'
2018-01-27 03:03:40 22 [Note] Shutting down plugin 'INNODB_FT_DELETED'
2018-01-27 03:03:40 22 [Note] Shutting down plugin 'INNODB_FT_DEFAULT_STOPWORD'
2018-01-27 03:03:40 22 [Note] Shutting down plugin 'INNODB_METRICS'
2018-01-27 03:03:40 22 [Note] Shutting down plugin 'INNODB_BUFFER_POOL_STATS'
2018-01-27 03:03:40 22 [Note] Shutting down plugin 'INNODB_BUFFER_PAGE_LRU'
2018-01-27 03:03:40 22 [Note] Shutting down plugin 'INNODB_BUFFER_PAGE'
2018-01-27 03:03:40 22 [Note] Shutting down plugin 'INNODB_CMP_PER_INDEX_RESET'
2018-01-27 03:03:40 22 [Note] Shutting down plugin 'INNODB_CMP_PER_INDEX'
2018-01-27 03:03:40 22 [Note] Shutting down plugin 'INNODB_CMPMEM_RESET'
2018-01-27 03:03:40 22 [Note] Shutting down plugin 'INNODB_CMPMEM'
2018-01-27 03:03:40 22 [Note] Shutting down plugin 'INNODB_CMP_RESET'
2018-01-27 03:03:40 22 [Note] Shutting down plugin 'INNODB_CMP'
2018-01-27 03:03:40 22 [Note] Shutting down plugin 'INNODB_LOCK_WAITS'
2018-01-27 03:03:40 22 [Note] Shutting down plugin 'INNODB_LOCKS'
2018-01-27 03:03:40 22 [Note] Shutting down plugin 'INNODB_TRX'
2018-01-27 03:03:40 22 [Note] Shutting down plugin 'InnoDB'
2018-01-27 03:03:40 22 [Note] InnoDB: FTS optimize thread exiting.
2018-01-27 03:03:40 22 [Note] InnoDB: Starting shutdown...
2018-01-27 03:03:42 22 [Note] InnoDB: Shutdown completed; log sequence number 2470061
2018-01-27 03:03:42 22 [Note] Shutting down plugin 'BLACKHOLE'
2018-01-27 03:03:42 22 [Note] Shutting down plugin 'ARCHIVE'
2018-01-27 03:03:42 22 [Note] Shutting down plugin 'PERFORMANCE_SCHEMA'
2018-01-27 03:03:42 22 [Note] Shutting down plugin 'MEMORY'
2018-01-27 03:03:42 22 [Note] Shutting down plugin 'MyISAM'
2018-01-27 03:03:42 22 [Note] Shutting down plugin 'MRG_MYISAM'
2018-01-27 03:03:42 22 [Note] Shutting down plugin 'CSV'
2018-01-27 03:03:42 22 [Note] Shutting down plugin 'sha256_password'
2018-01-27 03:03:42 22 [Note] Shutting down plugin 'mysql_old_password'
2018-01-27 03:03:42 22 [Note] Shutting down plugin 'mysql_native_password'
2018-01-27 03:03:42 22 [Note] Shutting down plugin 'binlog'
2018-01-27 03:03:42 22 [Note] /usr/sbin/mysqld: Shutdown complete

2018-01-27 03:04:35 22 [Warning] Using unique option prefix myisam-recover instead of myisam-recover-options is deprecated and will be removed in a future release. Please use the full name instead.
2018-01-27 03:04:35 22 [Note] Plugin 'FEDERATED' is disabled.
2018-01-27 03:04:35 22 [Note] InnoDB: Using atomics to ref count buffer pool pages
2018-01-27 03:04:35 22 [Note] InnoDB: The InnoDB memory heap is disabled
2018-01-27 03:04:35 22 [Note] InnoDB: Mutexes and rw_locks use GCC atomic builtins
2018-01-27 03:04:35 22 [Note] InnoDB: Memory barrier is not used
2018-01-27 03:04:35 22 [Note] InnoDB: Compressed tables use zlib 1.2.3
2018-01-27 03:04:35 22 [Note] InnoDB: Using Linux native AIO
2018-01-27 03:04:35 22 [Note] InnoDB: Using CPU crc32 instructions
2018-01-27 03:04:35 22 [Note] InnoDB: Initializing buffer pool, size = 32.0M
2018-01-27 03:04:35 22 [Note] InnoDB: Completed initialization of buffer pool
2018-01-27 03:04:35 22 [Note] InnoDB: Highest supported file format is Barracuda.
2018-01-27 03:04:35 22 [Note] InnoDB: 128 rollback segment(s) are active.
2018-01-27 03:04:35 22 [Note] InnoDB: Waiting for purge to start
2018-01-27 03:04:35 22 [Note] InnoDB: 5.6.37 started; log sequence number 2470061
2018-01-27 03:04:35 22 [Note] Server hostname (bind-address): '*'; port: 3306
2018-01-27 03:04:35 22 [Note] IPv6 is available.
2018-01-27 03:04:35 22 [Note]   - '::' resolves to '::';
2018-01-27 03:04:35 22 [Note] Server socket created on IP: '::'.
2018-01-27 03:04:35 22 [Warning] 'user' entry 'root@e24d0b5cccc1' ignored in --skip-name-resolve mode.
2018-01-27 03:04:35 22 [Warning] 'user' entry '@e24d0b5cccc1' ignored in --skip-name-resolve mode.
2018-01-27 03:04:35 22 [Warning] 'proxies_priv' entry '@ root@e24d0b5cccc1' ignored in --skip-name-resolve mode.
2018-01-27 03:04:35 22 [Note] Event Scheduler: Loaded 0 events
2018-01-27 03:04:35 22 [Note] /usr/sbin/mysqld: ready for connections.
Version: '5.6.37'  socket: '/var/run/mysqld/mysqld.sock'  port: 3306  MySQL Community Server (GPL)
2018-01-27 03:36:05 22 [Note] /usr/sbin/mysqld: Normal shutdown

2018-01-27 03:36:05 22 [Note] Giving 0 client threads a chance to die gracefully
2018-01-27 03:36:05 22 [Note] Event Scheduler: Purging the queue. 0 events
2018-01-27 03:36:05 22 [Note] Shutting down slave threads
2018-01-27 03:36:05 22 [Note] Forcefully disconnecting 0 remaining clients
2018-01-27 03:36:05 22 [Note] Binlog end
2018-01-27 03:36:05 22 [Note] Shutting down plugin 'partition'
2018-01-27 03:36:05 22 [Note] Shutting down plugin 'INNODB_SYS_DATAFILES'
2018-01-27 03:36:05 22 [Note] Shutting down plugin 'INNODB_SYS_TABLESPACES'
2018-01-27 03:36:05 22 [Note] Shutting down plugin 'INNODB_SYS_FOREIGN_COLS'
2018-01-27 03:36:05 22 [Note] Shutting down plugin 'INNODB_SYS_FOREIGN'
2018-01-27 03:36:05 22 [Note] Shutting down plugin 'INNODB_SYS_FIELDS'
2018-01-27 03:36:05 22 [Note] Shutting down plugin 'INNODB_SYS_COLUMNS'
2018-01-27 03:36:05 22 [Note] Shutting down plugin 'INNODB_SYS_INDEXES'
2018-01-27 03:36:05 22 [Note] Shutting down plugin 'INNODB_SYS_TABLESTATS'
2018-01-27 03:36:05 22 [Note] Shutting down plugin 'INNODB_SYS_TABLES'
2018-01-27 03:36:05 22 [Note] Shutting down plugin 'INNODB_FT_INDEX_TABLE'
2018-01-27 03:36:05 22 [Note] Shutting down plugin 'INNODB_FT_INDEX_CACHE'
2018-01-27 03:36:05 22 [Note] Shutting down plugin 'INNODB_FT_CONFIG'
2018-01-27 03:36:05 22 [Note] Shutting down plugin 'INNODB_FT_BEING_DELETED'
2018-01-27 03:36:05 22 [Note] Shutting down plugin 'INNODB_FT_DELETED'
2018-01-27 03:36:05 22 [Note] Shutting down plugin 'INNODB_FT_DEFAULT_STOPWORD'
2018-01-27 03:36:05 22 [Note] Shutting down plugin 'INNODB_METRICS'
2018-01-27 03:36:05 22 [Note] Shutting down plugin 'INNODB_BUFFER_POOL_STATS'
2018-01-27 03:36:05 22 [Note] Shutting down plugin 'INNODB_BUFFER_PAGE_LRU'
2018-01-27 03:36:05 22 [Note] Shutting down plugin 'INNODB_BUFFER_PAGE'
2018-01-27 03:36:05 22 [Note] Shutting down plugin 'INNODB_CMP_PER_INDEX_RESET'
2018-01-27 03:36:05 22 [Note] Shutting down plugin 'INNODB_CMP_PER_INDEX'
2018-01-27 03:36:05 22 [Note] Shutting down plugin 'INNODB_CMPMEM_RESET'
2018-01-27 03:36:05 22 [Note] Shutting down plugin 'INNODB_CMPMEM'
2018-01-27 03:36:05 22 [Note] Shutting down plugin 'INNODB_CMP_RESET'
2018-01-27 03:36:05 22 [Note] Shutting down plugin 'INNODB_CMP'
2018-01-27 03:36:05 22 [Note] Shutting down plugin 'INNODB_LOCK_WAITS'
2018-01-27 03:36:05 22 [Note] Shutting down plugin 'INNODB_LOCKS'
2018-01-27 03:36:05 22 [Note] Shutting down plugin 'INNODB_TRX'
2018-01-27 03:36:05 22 [Note] Shutting down plugin 'InnoDB'
2018-01-27 03:36:05 22 [Note] InnoDB: FTS optimize thread exiting.
2018-01-27 03:36:05 22 [Note] InnoDB: Starting shutdown...
2018-01-27 03:36:07 22 [Note] InnoDB: Shutdown completed; log sequence number 3089331
2018-01-27 03:36:07 22 [Note] Shutting down plugin 'BLACKHOLE'
2018-01-27 03:36:07 22 [Note] Shutting down plugin 'ARCHIVE'
2018-01-27 03:36:07 22 [Note] Shutting down plugin 'PERFORMANCE_SCHEMA'
2018-01-27 03:36:07 22 [Note] Shutting down plugin 'MEMORY'
2018-01-27 03:36:07 22 [Note] Shutting down plugin 'MyISAM'
2018-01-27 03:36:07 22 [Note] Shutting down plugin 'MRG_MYISAM'
2018-01-27 03:36:07 22 [Note] Shutting down plugin 'CSV'
2018-01-27 03:36:07 22 [Note] Shutting down plugin 'sha256_password'
2018-01-27 03:36:07 22 [Note] Shutting down plugin 'mysql_old_password'
2018-01-27 03:36:07 22 [Note] Shutting down plugin 'mysql_native_password'
2018-01-27 03:36:07 22 [Note] Shutting down plugin 'binlog'
2018-01-27 03:36:07 22 [Note] /usr/sbin/mysqld: Shutdown complete

2018-01-27 03:39:47 22 [Warning] Using unique option prefix myisam-recover instead of myisam-recover-options is deprecated and will be removed in a future release. Please use the full name instead.
2018-01-27 03:39:47 22 [Note] Plugin 'FEDERATED' is disabled.
2018-01-27 03:39:47 22 [Note] InnoDB: Using atomics to ref count buffer pool pages
2018-01-27 03:39:47 22 [Note] InnoDB: The InnoDB memory heap is disabled
2018-01-27 03:39:47 22 [Note] InnoDB: Mutexes and rw_locks use GCC atomic builtins
2018-01-27 03:39:47 22 [Note] InnoDB: Memory barrier is not used
2018-01-27 03:39:47 22 [Note] InnoDB: Compressed tables use zlib 1.2.3
2018-01-27 03:39:47 22 [Note] InnoDB: Using Linux native AIO
2018-01-27 03:39:47 22 [Note] InnoDB: Using CPU crc32 instructions
2018-01-27 03:39:47 22 [Note] InnoDB: Initializing buffer pool, size = 32.0M
2018-01-27 03:39:47 22 [Note] InnoDB: Completed initialization of buffer pool
2018-01-27 03:39:47 22 [Note] InnoDB: Highest supported file format is Barracuda.
2018-01-27 03:39:47 22 [Note] InnoDB: 128 rollback segment(s) are active.
2018-01-27 03:39:47 22 [Note] InnoDB: Waiting for purge to start
2018-01-27 03:39:47 22 [Note] InnoDB: 5.6.37 started; log sequence number 3089341
2018-01-27 03:39:47 22 [Note] Server hostname (bind-address): '*'; port: 3306
2018-01-27 03:39:47 22 [Note] IPv6 is available.
2018-01-27 03:39:47 22 [Note]   - '::' resolves to '::';
2018-01-27 03:39:47 22 [Note] Server socket created on IP: '::'.
2018-01-27 03:39:47 22 [Warning] 'user' entry 'root@e24d0b5cccc1' ignored in --skip-name-resolve mode.
2018-01-27 03:39:47 22 [Warning] 'user' entry '@e24d0b5cccc1' ignored in --skip-name-resolve mode.
2018-01-27 03:39:47 22 [Warning] 'proxies_priv' entry '@ root@e24d0b5cccc1' ignored in --skip-name-resolve mode.
2018-01-27 03:39:47 22 [Note] Event Scheduler: Loaded 0 events
2018-01-27 03:39:47 22 [Note] /usr/sbin/mysqld: ready for connections.
Version: '5.6.37'  socket: '/var/run/mysqld/mysqld.sock'  port: 3306  MySQL Community Server (GPL)
2018-01-27 03:43:30 22 [Note] /usr/sbin/mysqld: Normal shutdown

2018-01-27 03:43:30 22 [Note] Giving 0 client threads a chance to die gracefully
2018-01-27 03:43:30 22 [Note] Event Scheduler: Purging the queue. 0 events
2018-01-27 03:43:30 22 [Note] Shutting down slave threads
2018-01-27 03:43:30 22 [Note] Forcefully disconnecting 0 remaining clients
2018-01-27 03:43:30 22 [Note] Binlog end
2018-01-27 03:43:30 22 [Note] Shutting down plugin 'partition'
2018-01-27 03:43:30 22 [Note] Shutting down plugin 'INNODB_SYS_DATAFILES'
2018-01-27 03:43:30 22 [Note] Shutting down plugin 'INNODB_SYS_TABLESPACES'
2018-01-27 03:43:30 22 [Note] Shutting down plugin 'INNODB_SYS_FOREIGN_COLS'
2018-01-27 03:43:30 22 [Note] Shutting down plugin 'INNODB_SYS_FOREIGN'
2018-01-27 03:43:30 22 [Note] Shutting down plugin 'INNODB_SYS_FIELDS'
2018-01-27 03:43:30 22 [Note] Shutting down plugin 'INNODB_SYS_COLUMNS'
2018-01-27 03:43:30 22 [Note] Shutting down plugin 'INNODB_SYS_INDEXES'
2018-01-27 03:43:30 22 [Note] Shutting down plugin 'INNODB_SYS_TABLESTATS'
2018-01-27 03:43:30 22 [Note] Shutting down plugin 'INNODB_SYS_TABLES'
2018-01-27 03:43:30 22 [Note] Shutting down plugin 'INNODB_FT_INDEX_TABLE'
2018-01-27 03:43:30 22 [Note] Shutting down plugin 'INNODB_FT_INDEX_CACHE'
2018-01-27 03:43:30 22 [Note] Shutting down plugin 'INNODB_FT_CONFIG'
2018-01-27 03:43:30 22 [Note] Shutting down plugin 'INNODB_FT_BEING_DELETED'
2018-01-27 03:43:30 22 [Note] Shutting down plugin 'INNODB_FT_DELETED'
2018-01-27 03:43:30 22 [Note] Shutting down plugin 'INNODB_FT_DEFAULT_STOPWORD'
2018-01-27 03:43:30 22 [Note] Shutting down plugin 'INNODB_METRICS'
2018-01-27 03:43:30 22 [Note] Shutting down plugin 'INNODB_BUFFER_POOL_STATS'
2018-01-27 03:43:30 22 [Note] Shutting down plugin 'INNODB_BUFFER_PAGE_LRU'
2018-01-27 03:43:30 22 [Note] Shutting down plugin 'INNODB_BUFFER_PAGE'
2018-01-27 03:43:30 22 [Note] Shutting down plugin 'INNODB_CMP_PER_INDEX_RESET'
2018-01-27 03:43:30 22 [Note] Shutting down plugin 'INNODB_CMP_PER_INDEX'
2018-01-27 03:43:30 22 [Note] Shutting down plugin 'INNODB_CMPMEM_RESET'
2018-01-27 03:43:30 22 [Note] Shutting down plugin 'INNODB_CMPMEM'
2018-01-27 03:43:30 22 [Note] Shutting down plugin 'INNODB_CMP_RESET'
2018-01-27 03:43:30 22 [Note] Shutting down plugin 'INNODB_CMP'
2018-01-27 03:43:30 22 [Note] Shutting down plugin 'INNODB_LOCK_WAITS'
2018-01-27 03:43:30 22 [Note] Shutting down plugin 'INNODB_LOCKS'
2018-01-27 03:43:30 22 [Note] Shutting down plugin 'INNODB_TRX'
2018-01-27 03:43:30 22 [Note] Shutting down plugin 'InnoDB'
2018-01-27 03:43:30 22 [Note] InnoDB: FTS optimize thread exiting.
2018-01-27 03:43:30 22 [Note] InnoDB: Starting shutdown...
2018-01-27 03:43:32 22 [Note] InnoDB: Shutdown completed; log sequence number 3089351
2018-01-27 03:43:32 22 [Note] Shutting down plugin 'BLACKHOLE'
2018-01-27 03:43:32 22 [Note] Shutting down plugin 'ARCHIVE'
2018-01-27 03:43:32 22 [Note] Shutting down plugin 'PERFORMANCE_SCHEMA'
2018-01-27 03:43:32 22 [Note] Shutting down plugin 'MEMORY'
2018-01-27 03:43:32 22 [Note] Shutting down plugin 'MyISAM'
2018-01-27 03:43:32 22 [Note] Shutting down plugin 'MRG_MYISAM'
2018-01-27 03:43:32 22 [Note] Shutting down plugin 'CSV'
2018-01-27 03:43:32 22 [Note] Shutting down plugin 'sha256_password'
2018-01-27 03:43:32 22 [Note] Shutting down plugin 'mysql_old_password'
2018-01-27 03:43:32 22 [Note] Shutting down plugin 'mysql_native_password'
2018-01-27 03:43:32 22 [Note] Shutting down plugin 'binlog'
2018-01-27 03:43:32 22 [Note] /usr/sbin/mysqld: Shutdown complete

2018-01-27 03:45:55 14 [Warning] Using unique option prefix myisam-recover instead of myisam-recover-options is deprecated and will be removed in a future release. Please use the full name instead.
2018-01-27 03:45:55 14 [Note] Plugin 'FEDERATED' is disabled.
2018-01-27 03:45:55 14 [Note] InnoDB: Using atomics to ref count buffer pool pages
2018-01-27 03:45:55 14 [Note] InnoDB: The InnoDB memory heap is disabled
2018-01-27 03:45:55 14 [Note] InnoDB: Mutexes and rw_locks use GCC atomic builtins
2018-01-27 03:45:55 14 [Note] InnoDB: Memory barrier is not used
2018-01-27 03:45:55 14 [Note] InnoDB: Compressed tables use zlib 1.2.3
2018-01-27 03:45:55 14 [Note] InnoDB: Using Linux native AIO
2018-01-27 03:45:56 14 [Note] InnoDB: Using CPU crc32 instructions
2018-01-27 03:45:56 14 [Note] InnoDB: Initializing buffer pool, size = 32.0M
2018-01-27 03:45:56 14 [Note] InnoDB: Completed initialization of buffer pool
2018-01-27 03:45:56 14 [Note] InnoDB: Highest supported file format is Barracuda.
2018-01-27 03:45:57 14 [Note] InnoDB: 128 rollback segment(s) are active.
2018-01-27 03:45:57 14 [Note] InnoDB: Waiting for purge to start
2018-01-27 03:45:57 14 [Note] InnoDB: 5.6.37 started; log sequence number 3089351
2018-01-27 03:45:57 14 [Note] Server hostname (bind-address): '*'; port: 3306
2018-01-27 03:45:57 14 [Note] IPv6 is available.
2018-01-27 03:45:57 14 [Note]   - '::' resolves to '::';
2018-01-27 03:45:57 14 [Note] Server socket created on IP: '::'.
2018-01-27 03:45:58 14 [Warning] 'user' entry 'root@e24d0b5cccc1' ignored in --skip-name-resolve mode.
2018-01-27 03:45:58 14 [Warning] 'user' entry '@e24d0b5cccc1' ignored in --skip-name-resolve mode.
2018-01-27 03:45:58 14 [Warning] 'proxies_priv' entry '@ root@e24d0b5cccc1' ignored in --skip-name-resolve mode.
2018-01-27 03:45:59 14 [Note] Event Scheduler: Loaded 0 events
2018-01-27 03:45:59 14 [Note] /usr/sbin/mysqld: ready for connections.
Version: '5.6.37'  socket: '/var/run/mysqld/mysqld.sock'  port: 3306  MySQL Community Server (GPL)
2018-01-27 04:02:06 14 [Note] /usr/sbin/mysqld: Normal shutdown

2018-01-27 04:02:06 14 [Note] Giving 0 client threads a chance to die gracefully
2018-01-27 04:02:06 14 [Note] Event Scheduler: Purging the queue. 0 events
2018-01-27 04:02:06 14 [Note] Shutting down slave threads
2018-01-27 04:02:06 14 [Note] Forcefully disconnecting 0 remaining clients
2018-01-27 04:02:06 14 [Note] Binlog end
2018-01-27 04:02:07 14 [Note] Shutting down plugin 'partition'
2018-01-27 04:02:07 14 [Note] Shutting down plugin 'INNODB_SYS_DATAFILES'
2018-01-27 04:02:07 14 [Note] Shutting down plugin 'INNODB_SYS_TABLESPACES'
2018-01-27 04:02:07 14 [Note] Shutting down plugin 'INNODB_SYS_FOREIGN_COLS'
2018-01-27 04:02:07 14 [Note] Shutting down plugin 'INNODB_SYS_FOREIGN'
2018-01-27 04:02:07 14 [Note] Shutting down plugin 'INNODB_SYS_FIELDS'
2018-01-27 04:02:07 14 [Note] Shutting down plugin 'INNODB_SYS_COLUMNS'
2018-01-27 04:02:07 14 [Note] Shutting down plugin 'INNODB_SYS_INDEXES'
2018-01-27 04:02:07 14 [Note] Shutting down plugin 'INNODB_SYS_TABLESTATS'
2018-01-27 04:02:07 14 [Note] Shutting down plugin 'INNODB_SYS_TABLES'
2018-01-27 04:02:07 14 [Note] Shutting down plugin 'INNODB_FT_INDEX_TABLE'
2018-01-27 04:02:07 14 [Note] Shutting down plugin 'INNODB_FT_INDEX_CACHE'
2018-01-27 04:02:07 14 [Note] Shutting down plugin 'INNODB_FT_CONFIG'
2018-01-27 04:02:07 14 [Note] Shutting down plugin 'INNODB_FT_BEING_DELETED'
2018-01-27 04:02:07 14 [Note] Shutting down plugin 'INNODB_FT_DELETED'
2018-01-27 04:02:07 14 [Note] Shutting down plugin 'INNODB_FT_DEFAULT_STOPWORD'
2018-01-27 04:02:07 14 [Note] Shutting down plugin 'INNODB_METRICS'
2018-01-27 04:02:07 14 [Note] Shutting down plugin 'INNODB_BUFFER_POOL_STATS'
2018-01-27 04:02:07 14 [Note] Shutting down plugin 'INNODB_BUFFER_PAGE_LRU'
2018-01-27 04:02:07 14 [Note] Shutting down plugin 'INNODB_BUFFER_PAGE'
2018-01-27 04:02:07 14 [Note] Shutting down plugin 'INNODB_CMP_PER_INDEX_RESET'
2018-01-27 04:02:07 14 [Note] Shutting down plugin 'INNODB_CMP_PER_INDEX'
2018-01-27 04:02:07 14 [Note] Shutting down plugin 'INNODB_CMPMEM_RESET'
2018-01-27 04:02:07 14 [Note] Shutting down plugin 'INNODB_CMPMEM'
2018-01-27 04:02:07 14 [Note] Shutting down plugin 'INNODB_CMP_RESET'
2018-01-27 04:02:07 14 [Note] Shutting down plugin 'INNODB_CMP'
2018-01-27 04:02:07 14 [Note] Shutting down plugin 'INNODB_LOCK_WAITS'
2018-01-27 04:02:07 14 [Note] Shutting down plugin 'INNODB_LOCKS'
2018-01-27 04:02:07 14 [Note] Shutting down plugin 'INNODB_TRX'
2018-01-27 04:02:07 14 [Note] Shutting down plugin 'InnoDB'
2018-01-27 04:02:07 14 [Note] InnoDB: FTS optimize thread exiting.
2018-01-27 04:02:07 14 [Note] InnoDB: Starting shutdown...
2018-01-27 04:02:09 14 [Note] InnoDB: Shutdown completed; log sequence number 3140813
2018-01-27 04:02:09 14 [Note] Shutting down plugin 'BLACKHOLE'
2018-01-27 04:02:09 14 [Note] Shutting down plugin 'ARCHIVE'
2018-01-27 04:02:09 14 [Note] Shutting down plugin 'PERFORMANCE_SCHEMA'
2018-01-27 04:02:09 14 [Note] Shutting down plugin 'MEMORY'
2018-01-27 04:02:09 14 [Note] Shutting down plugin 'MyISAM'
2018-01-27 04:02:09 14 [Note] Shutting down plugin 'MRG_MYISAM'
2018-01-27 04:02:09 14 [Note] Shutting down plugin 'CSV'
2018-01-27 04:02:09 14 [Note] Shutting down plugin 'sha256_password'
2018-01-27 04:02:09 14 [Note] Shutting down plugin 'mysql_old_password'
2018-01-27 04:02:09 14 [Note] Shutting down plugin 'mysql_native_password'
2018-01-27 04:02:09 14 [Note] Shutting down plugin 'binlog'
2018-01-27 04:02:09 14 [Note] /usr/sbin/mysqld: Shutdown complete

2018-01-27 12:29:46 51 [Warning] Using unique option prefix myisam-recover instead of myisam-recover-options is deprecated and will be removed in a future release. Please use the full name instead.
2018-01-27 12:29:46 51 [Note] Plugin 'FEDERATED' is disabled.
2018-01-27 12:29:46 51 [Note] InnoDB: Using atomics to ref count buffer pool pages
2018-01-27 12:29:46 51 [Note] InnoDB: The InnoDB memory heap is disabled
2018-01-27 12:29:46 51 [Note] InnoDB: Mutexes and rw_locks use GCC atomic builtins
2018-01-27 12:29:46 51 [Note] InnoDB: Memory barrier is not used
2018-01-27 12:29:46 51 [Note] InnoDB: Compressed tables use zlib 1.2.3
2018-01-27 12:29:46 51 [Note] InnoDB: Using Linux native AIO
2018-01-27 12:29:47 51 [Note] InnoDB: Using CPU crc32 instructions
2018-01-27 12:29:47 51 [Note] InnoDB: Initializing buffer pool, size = 32.0M
2018-01-27 12:29:47 51 [Note] InnoDB: Completed initialization of buffer pool
2018-01-27 12:29:47 51 [Note] InnoDB: Highest supported file format is Barracuda.
2018-01-27 12:29:48 51 [Note] InnoDB: 128 rollback segment(s) are active.
2018-01-27 12:29:48 51 [Note] InnoDB: Waiting for purge to start
2018-01-27 12:29:48 51 [Note] InnoDB: 5.6.37 started; log sequence number 3140813
2018-01-27 12:29:48 51 [Note] Server hostname (bind-address): '*'; port: 3306
2018-01-27 12:29:48 51 [Note] IPv6 is available.
2018-01-27 12:29:48 51 [Note]   - '::' resolves to '::';
2018-01-27 12:29:48 51 [Note] Server socket created on IP: '::'.
2018-01-27 12:29:48 51 [Warning] 'user' entry 'root@e24d0b5cccc1' ignored in --skip-name-resolve mode.
2018-01-27 12:29:48 51 [Warning] 'user' entry '@e24d0b5cccc1' ignored in --skip-name-resolve mode.
2018-01-27 12:29:48 51 [Warning] 'proxies_priv' entry '@ root@e24d0b5cccc1' ignored in --skip-name-resolve mode.
2018-01-27 12:29:48 51 [Note] Event Scheduler: Loaded 0 events
2018-01-27 12:29:48 51 [Note] /usr/sbin/mysqld: ready for connections.
Version: '5.6.37'  socket: '/var/run/mysqld/mysqld.sock'  port: 3306  MySQL Community Server (GPL)
2018-01-27 12:39:43 51 [Note] /usr/sbin/mysqld: Normal shutdown

2018-01-27 12:39:43 51 [Note] Giving 0 client threads a chance to die gracefully
2018-01-27 12:39:43 51 [Note] Event Scheduler: Purging the queue. 0 events
2018-01-27 12:39:43 51 [Note] Shutting down slave threads
2018-01-27 12:39:43 51 [Note] Forcefully disconnecting 0 remaining clients
2018-01-27 12:39:43 51 [Note] Binlog end
2018-01-27 12:39:43 51 [Note] Shutting down plugin 'partition'
2018-01-27 12:39:43 51 [Note] Shutting down plugin 'INNODB_SYS_DATAFILES'
2018-01-27 12:39:43 51 [Note] Shutting down plugin 'INNODB_SYS_TABLESPACES'
2018-01-27 12:39:43 51 [Note] Shutting down plugin 'INNODB_SYS_FOREIGN_COLS'
2018-01-27 12:39:43 51 [Note] Shutting down plugin 'INNODB_SYS_FOREIGN'
2018-01-27 12:39:43 51 [Note] Shutting down plugin 'INNODB_SYS_FIELDS'
2018-01-27 12:39:43 51 [Note] Shutting down plugin 'INNODB_SYS_COLUMNS'
2018-01-27 12:39:43 51 [Note] Shutting down plugin 'INNODB_SYS_INDEXES'
2018-01-27 12:39:43 51 [Note] Shutting down plugin 'INNODB_SYS_TABLESTATS'
2018-01-27 12:39:43 51 [Note] Shutting down plugin 'INNODB_SYS_TABLES'
2018-01-27 12:39:43 51 [Note] Shutting down plugin 'INNODB_FT_INDEX_TABLE'
2018-01-27 12:39:43 51 [Note] Shutting down plugin 'INNODB_FT_INDEX_CACHE'
2018-01-27 12:39:43 51 [Note] Shutting down plugin 'INNODB_FT_CONFIG'
2018-01-27 12:39:43 51 [Note] Shutting down plugin 'INNODB_FT_BEING_DELETED'
2018-01-27 12:39:43 51 [Note] Shutting down plugin 'INNODB_FT_DELETED'
2018-01-27 12:39:43 51 [Note] Shutting down plugin 'INNODB_FT_DEFAULT_STOPWORD'
2018-01-27 12:39:43 51 [Note] Shutting down plugin 'INNODB_METRICS'
2018-01-27 12:39:43 51 [Note] Shutting down plugin 'INNODB_BUFFER_POOL_STATS'
2018-01-27 12:39:43 51 [Note] Shutting down plugin 'INNODB_BUFFER_PAGE_LRU'
2018-01-27 12:39:43 51 [Note] Shutting down plugin 'INNODB_BUFFER_PAGE'
2018-01-27 12:39:43 51 [Note] Shutting down plugin 'INNODB_CMP_PER_INDEX_RESET'
2018-01-27 12:39:43 51 [Note] Shutting down plugin 'INNODB_CMP_PER_INDEX'
2018-01-27 12:39:43 51 [Note] Shutting down plugin 'INNODB_CMPMEM_RESET'
2018-01-27 12:39:43 51 [Note] Shutting down plugin 'INNODB_CMPMEM'
2018-01-27 12:39:43 51 [Note] Shutting down plugin 'INNODB_CMP_RESET'
2018-01-27 12:39:43 51 [Note] Shutting down plugin 'INNODB_CMP'
2018-01-27 12:39:43 51 [Note] Shutting down plugin 'INNODB_LOCK_WAITS'
2018-01-27 12:39:43 51 [Note] Shutting down plugin 'INNODB_LOCKS'
2018-01-27 12:39:43 51 [Note] Shutting down plugin 'INNODB_TRX'
2018-01-27 12:39:43 51 [Note] Shutting down plugin 'InnoDB'
2018-01-27 12:39:43 51 [Note] InnoDB: FTS optimize thread exiting.
2018-01-27 12:39:43 51 [Note] InnoDB: Starting shutdown...
2018-01-27 12:39:45 51 [Note] InnoDB: Shutdown completed; log sequence number 3140823
2018-01-27 12:39:45 51 [Note] Shutting down plugin 'BLACKHOLE'
2018-01-27 12:39:45 51 [Note] Shutting down plugin 'ARCHIVE'
2018-01-27 12:39:45 51 [Note] Shutting down plugin 'PERFORMANCE_SCHEMA'
2018-01-27 12:39:45 51 [Note] Shutting down plugin 'MEMORY'
2018-01-27 12:39:45 51 [Note] Shutting down plugin 'MyISAM'
2018-01-27 12:39:45 51 [Note] Shutting down plugin 'MRG_MYISAM'
2018-01-27 12:39:45 51 [Note] Shutting down plugin 'CSV'
2018-01-27 12:39:45 51 [Note] Shutting down plugin 'sha256_password'
2018-01-27 12:39:45 51 [Note] Shutting down plugin 'mysql_old_password'
2018-01-27 12:39:45 51 [Note] Shutting down plugin 'mysql_native_password'
2018-01-27 12:39:45 51 [Note] Shutting down plugin 'binlog'
2018-01-27 12:39:45 51 [Note] /usr/sbin/mysqld: Shutdown complete

2018-01-27 13:19:09 39 [Warning] Using unique option prefix myisam-recover instead of myisam-recover-options is deprecated and will be removed in a future release. Please use the full name instead.
2018-01-27 13:19:09 39 [Note] Plugin 'FEDERATED' is disabled.
2018-01-27 13:19:09 39 [Note] InnoDB: Using atomics to ref count buffer pool pages
2018-01-27 13:19:09 39 [Note] InnoDB: The InnoDB memory heap is disabled
2018-01-27 13:19:09 39 [Note] InnoDB: Mutexes and rw_locks use GCC atomic builtins
2018-01-27 13:19:09 39 [Note] InnoDB: Memory barrier is not used
2018-01-27 13:19:09 39 [Note] InnoDB: Compressed tables use zlib 1.2.3
2018-01-27 13:19:09 39 [Note] InnoDB: Using Linux native AIO
2018-01-27 13:19:09 39 [Note] InnoDB: Using CPU crc32 instructions
2018-01-27 13:19:09 39 [Note] InnoDB: Initializing buffer pool, size = 32.0M
2018-01-27 13:19:09 39 [Note] InnoDB: Completed initialization of buffer pool
2018-01-27 13:19:09 39 [Note] InnoDB: Highest supported file format is Barracuda.
2018-01-27 13:19:09 39 [Note] InnoDB: 128 rollback segment(s) are active.
2018-01-27 13:19:09 39 [Note] InnoDB: Waiting for purge to start
2018-01-27 13:19:09 39 [Note] InnoDB: 5.6.37 started; log sequence number 3140823
2018-01-27 13:19:09 39 [Note] Server hostname (bind-address): '*'; port: 3306
2018-01-27 13:19:09 39 [Note] IPv6 is available.
2018-01-27 13:19:09 39 [Note]   - '::' resolves to '::';
2018-01-27 13:19:09 39 [Note] Server socket created on IP: '::'.
2018-01-27 13:19:09 39 [Warning] 'user' entry 'root@e24d0b5cccc1' ignored in --skip-name-resolve mode.
2018-01-27 13:19:09 39 [Warning] 'user' entry '@e24d0b5cccc1' ignored in --skip-name-resolve mode.
2018-01-27 13:19:09 39 [Warning] 'proxies_priv' entry '@ root@e24d0b5cccc1' ignored in --skip-name-resolve mode.
2018-01-27 13:19:10 39 [Note] Event Scheduler: Loaded 0 events
2018-01-27 13:19:10 39 [Note] /usr/sbin/mysqld: ready for connections.
Version: '5.6.37'  socket: '/var/run/mysqld/mysqld.sock'  port: 3306  MySQL Community Server (GPL)
2018-01-27 13:27:05 39 [Note] /usr/sbin/mysqld: Normal shutdown

2018-01-27 13:27:05 39 [Note] Giving 0 client threads a chance to die gracefully
2018-01-27 13:27:05 39 [Note] Event Scheduler: Purging the queue. 0 events
2018-01-27 13:27:05 39 [Note] Shutting down slave threads
2018-01-27 13:27:05 39 [Note] Forcefully disconnecting 0 remaining clients
2018-01-27 13:27:05 39 [Note] Binlog end
2018-01-27 13:27:05 39 [Note] Shutting down plugin 'partition'
2018-01-27 13:27:05 39 [Note] Shutting down plugin 'INNODB_SYS_DATAFILES'
2018-01-27 13:27:05 39 [Note] Shutting down plugin 'INNODB_SYS_TABLESPACES'
2018-01-27 13:27:05 39 [Note] Shutting down plugin 'INNODB_SYS_FOREIGN_COLS'
2018-01-27 13:27:05 39 [Note] Shutting down plugin 'INNODB_SYS_FOREIGN'
2018-01-27 13:27:05 39 [Note] Shutting down plugin 'INNODB_SYS_FIELDS'
2018-01-27 13:27:05 39 [Note] Shutting down plugin 'INNODB_SYS_COLUMNS'
2018-01-27 13:27:05 39 [Note] Shutting down plugin 'INNODB_SYS_INDEXES'
2018-01-27 13:27:05 39 [Note] Shutting down plugin 'INNODB_SYS_TABLESTATS'
2018-01-27 13:27:05 39 [Note] Shutting down plugin 'INNODB_SYS_TABLES'
2018-01-27 13:27:05 39 [Note] Shutting down plugin 'INNODB_FT_INDEX_TABLE'
2018-01-27 13:27:05 39 [Note] Shutting down plugin 'INNODB_FT_INDEX_CACHE'
2018-01-27 13:27:05 39 [Note] Shutting down plugin 'INNODB_FT_CONFIG'
2018-01-27 13:27:05 39 [Note] Shutting down plugin 'INNODB_FT_BEING_DELETED'
2018-01-27 13:27:05 39 [Note] Shutting down plugin 'INNODB_FT_DELETED'
2018-01-27 13:27:05 39 [Note] Shutting down plugin 'INNODB_FT_DEFAULT_STOPWORD'
2018-01-27 13:27:05 39 [Note] Shutting down plugin 'INNODB_METRICS'
2018-01-27 13:27:05 39 [Note] Shutting down plugin 'INNODB_BUFFER_POOL_STATS'
2018-01-27 13:27:05 39 [Note] Shutting down plugin 'INNODB_BUFFER_PAGE_LRU'
2018-01-27 13:27:05 39 [Note] Shutting down plugin 'INNODB_BUFFER_PAGE'
2018-01-27 13:27:05 39 [Note] Shutting down plugin 'INNODB_CMP_PER_INDEX_RESET'
2018-01-27 13:27:05 39 [Note] Shutting down plugin 'INNODB_CMP_PER_INDEX'
2018-01-27 13:27:05 39 [Note] Shutting down plugin 'INNODB_CMPMEM_RESET'
2018-01-27 13:27:05 39 [Note] Shutting down plugin 'INNODB_CMPMEM'
2018-01-27 13:27:05 39 [Note] Shutting down plugin 'INNODB_CMP_RESET'
2018-01-27 13:27:05 39 [Note] Shutting down plugin 'INNODB_CMP'
2018-01-27 13:27:05 39 [Note] Shutting down plugin 'INNODB_LOCK_WAITS'
2018-01-27 13:27:05 39 [Note] Shutting down plugin 'INNODB_LOCKS'
2018-01-27 13:27:05 39 [Note] Shutting down plugin 'INNODB_TRX'
2018-01-27 13:27:05 39 [Note] Shutting down plugin 'InnoDB'
2018-01-27 13:27:05 39 [Note] InnoDB: FTS optimize thread exiting.
2018-01-27 13:27:05 39 [Note] InnoDB: Starting shutdown...
2018-01-27 13:27:07 39 [Note] InnoDB: Shutdown completed; log sequence number 3276215
2018-01-27 13:27:07 39 [Note] Shutting down plugin 'BLACKHOLE'
2018-01-27 13:27:07 39 [Note] Shutting down plugin 'ARCHIVE'
2018-01-27 13:27:07 39 [Note] Shutting down plugin 'PERFORMANCE_SCHEMA'
2018-01-27 13:27:07 39 [Note] Shutting down plugin 'MEMORY'
2018-01-27 13:27:07 39 [Note] Shutting down plugin 'MyISAM'
2018-01-27 13:27:07 39 [Note] Shutting down plugin 'MRG_MYISAM'
2018-01-27 13:27:07 39 [Note] Shutting down plugin 'CSV'
2018-01-27 13:27:07 39 [Note] Shutting down plugin 'sha256_password'
2018-01-27 13:27:07 39 [Note] Shutting down plugin 'mysql_old_password'
2018-01-27 13:27:07 39 [Note] Shutting down plugin 'mysql_native_password'
2018-01-27 13:27:07 39 [Note] Shutting down plugin 'binlog'
2018-01-27 13:27:07 39 [Note] /usr/sbin/mysqld: Shutdown complete

2018-01-27 13:56:25 38 [Warning] Using unique option prefix myisam-recover instead of myisam-recover-options is deprecated and will be removed in a future release. Please use the full name instead.
2018-01-27 13:56:25 38 [Note] Plugin 'FEDERATED' is disabled.
2018-01-27 13:56:25 38 [Note] InnoDB: Using atomics to ref count buffer pool pages
2018-01-27 13:56:25 38 [Note] InnoDB: The InnoDB memory heap is disabled
2018-01-27 13:56:25 38 [Note] InnoDB: Mutexes and rw_locks use GCC atomic builtins
2018-01-27 13:56:25 38 [Note] InnoDB: Memory barrier is not used
2018-01-27 13:56:25 38 [Note] InnoDB: Compressed tables use zlib 1.2.3
2018-01-27 13:56:25 38 [Note] InnoDB: Using Linux native AIO
2018-01-27 13:56:25 38 [Note] InnoDB: Using CPU crc32 instructions
2018-01-27 13:56:25 38 [Note] InnoDB: Initializing buffer pool, size = 32.0M
2018-01-27 13:56:25 38 [Note] InnoDB: Completed initialization of buffer pool
2018-01-27 13:56:25 38 [Note] InnoDB: Highest supported file format is Barracuda.
2018-01-27 13:56:25 38 [Note] InnoDB: 128 rollback segment(s) are active.
2018-01-27 13:56:25 38 [Note] InnoDB: Waiting for purge to start
2018-01-27 13:56:25 38 [Note] InnoDB: 5.6.37 started; log sequence number 3276215
2018-01-27 13:56:25 38 [Note] Server hostname (bind-address): '*'; port: 3306
2018-01-27 13:56:25 38 [Note] IPv6 is available.
2018-01-27 13:56:25 38 [Note]   - '::' resolves to '::';
2018-01-27 13:56:25 38 [Note] Server socket created on IP: '::'.
2018-01-27 13:56:25 38 [Warning] 'user' entry 'root@e24d0b5cccc1' ignored in --skip-name-resolve mode.
2018-01-27 13:56:25 38 [Warning] 'user' entry '@e24d0b5cccc1' ignored in --skip-name-resolve mode.
2018-01-27 13:56:25 38 [Warning] 'proxies_priv' entry '@ root@e24d0b5cccc1' ignored in --skip-name-resolve mode.
2018-01-27 13:56:25 38 [Note] Event Scheduler: Loaded 0 events
2018-01-27 13:56:25 38 [Note] /usr/sbin/mysqld: ready for connections.
Version: '5.6.37'  socket: '/var/run/mysqld/mysqld.sock'  port: 3306  MySQL Community Server (GPL)
2018-01-27 15:33:52 38 [Note] /usr/sbin/mysqld: Normal shutdown

2018-01-27 15:33:52 38 [Note] Giving 0 client threads a chance to die gracefully
2018-01-27 15:33:52 38 [Note] Event Scheduler: Purging the queue. 0 events
2018-01-27 15:33:52 38 [Note] Shutting down slave threads
2018-01-27 15:33:52 38 [Note] Forcefully disconnecting 0 remaining clients
2018-01-27 15:33:52 38 [Note] Binlog end
2018-01-27 15:33:52 38 [Note] Shutting down plugin 'partition'
2018-01-27 15:33:52 38 [Note] Shutting down plugin 'INNODB_SYS_DATAFILES'
2018-01-27 15:33:52 38 [Note] Shutting down plugin 'INNODB_SYS_TABLESPACES'
2018-01-27 15:33:52 38 [Note] Shutting down plugin 'INNODB_SYS_FOREIGN_COLS'
2018-01-27 15:33:52 38 [Note] Shutting down plugin 'INNODB_SYS_FOREIGN'
2018-01-27 15:33:52 38 [Note] Shutting down plugin 'INNODB_SYS_FIELDS'
2018-01-27 15:33:52 38 [Note] Shutting down plugin 'INNODB_SYS_COLUMNS'
2018-01-27 15:33:52 38 [Note] Shutting down plugin 'INNODB_SYS_INDEXES'
2018-01-27 15:33:52 38 [Note] Shutting down plugin 'INNODB_SYS_TABLESTATS'
2018-01-27 15:33:52 38 [Note] Shutting down plugin 'INNODB_SYS_TABLES'
2018-01-27 15:33:52 38 [Note] Shutting down plugin 'INNODB_FT_INDEX_TABLE'
2018-01-27 15:33:52 38 [Note] Shutting down plugin 'INNODB_FT_INDEX_CACHE'
2018-01-27 15:33:52 38 [Note] Shutting down plugin 'INNODB_FT_CONFIG'
2018-01-27 15:33:52 38 [Note] Shutting down plugin 'INNODB_FT_BEING_DELETED'
2018-01-27 15:33:52 38 [Note] Shutting down plugin 'INNODB_FT_DELETED'
2018-01-27 15:33:52 38 [Note] Shutting down plugin 'INNODB_FT_DEFAULT_STOPWORD'
2018-01-27 15:33:52 38 [Note] Shutting down plugin 'INNODB_METRICS'
2018-01-27 15:33:52 38 [Note] Shutting down plugin 'INNODB_BUFFER_POOL_STATS'
2018-01-27 15:33:52 38 [Note] Shutting down plugin 'INNODB_BUFFER_PAGE_LRU'
2018-01-27 15:33:52 38 [Note] Shutting down plugin 'INNODB_BUFFER_PAGE'
2018-01-27 15:33:52 38 [Note] Shutting down plugin 'INNODB_CMP_PER_INDEX_RESET'
2018-01-27 15:33:52 38 [Note] Shutting down plugin 'INNODB_CMP_PER_INDEX'
2018-01-27 15:33:52 38 [Note] Shutting down plugin 'INNODB_CMPMEM_RESET'
2018-01-27 15:33:52 38 [Note] Shutting down plugin 'INNODB_CMPMEM'
2018-01-27 15:33:52 38 [Note] Shutting down plugin 'INNODB_CMP_RESET'
2018-01-27 15:33:52 38 [Note] Shutting down plugin 'INNODB_CMP'
2018-01-27 15:33:52 38 [Note] Shutting down plugin 'INNODB_LOCK_WAITS'
2018-01-27 15:33:52 38 [Note] Shutting down plugin 'INNODB_LOCKS'
2018-01-27 15:33:52 38 [Note] Shutting down plugin 'INNODB_TRX'
2018-01-27 15:33:52 38 [Note] Shutting down plugin 'InnoDB'
2018-01-27 15:33:52 38 [Note] InnoDB: FTS optimize thread exiting.
2018-01-27 15:33:52 38 [Note] InnoDB: Starting shutdown...
2018-01-27 15:33:54 38 [Note] InnoDB: Shutdown completed; log sequence number 3323354
2018-01-27 15:33:54 38 [Note] Shutting down plugin 'BLACKHOLE'
2018-01-27 15:33:54 38 [Note] Shutting down plugin 'ARCHIVE'
2018-01-27 15:33:54 38 [Note] Shutting down plugin 'PERFORMANCE_SCHEMA'
2018-01-27 15:33:54 38 [Note] Shutting down plugin 'MEMORY'
2018-01-27 15:33:54 38 [Note] Shutting down plugin 'MyISAM'
2018-01-27 15:33:54 38 [Note] Shutting down plugin 'MRG_MYISAM'
2018-01-27 15:33:54 38 [Note] Shutting down plugin 'CSV'
2018-01-27 15:33:54 38 [Note] Shutting down plugin 'sha256_password'
2018-01-27 15:33:54 38 [Note] Shutting down plugin 'mysql_old_password'
2018-01-27 15:33:54 38 [Note] Shutting down plugin 'mysql_native_password'
2018-01-27 15:33:54 38 [Note] Shutting down plugin 'binlog'
2018-01-27 15:33:54 38 [Note] /usr/sbin/mysqld: Shutdown complete

2018-01-27 15:34:02 39 [Warning] Using unique option prefix myisam-recover instead of myisam-recover-options is deprecated and will be removed in a future release. Please use the full name instead.
2018-01-27 15:34:02 39 [Note] Plugin 'FEDERATED' is disabled.
2018-01-27 15:34:02 39 [Note] InnoDB: Using atomics to ref count buffer pool pages
2018-01-27 15:34:02 39 [Note] InnoDB: The InnoDB memory heap is disabled
2018-01-27 15:34:02 39 [Note] InnoDB: Mutexes and rw_locks use GCC atomic builtins
2018-01-27 15:34:02 39 [Note] InnoDB: Memory barrier is not used
2018-01-27 15:34:02 39 [Note] InnoDB: Compressed tables use zlib 1.2.3
2018-01-27 15:34:02 39 [Note] InnoDB: Using Linux native AIO
2018-01-27 15:34:02 39 [Note] InnoDB: Using CPU crc32 instructions
2018-01-27 15:34:02 39 [Note] InnoDB: Initializing buffer pool, size = 32.0M
2018-01-27 15:34:02 39 [Note] InnoDB: Completed initialization of buffer pool
2018-01-27 15:34:02 39 [Note] InnoDB: Highest supported file format is Barracuda.
2018-01-27 15:34:02 39 [Note] InnoDB: 128 rollback segment(s) are active.
2018-01-27 15:34:02 39 [Note] InnoDB: Waiting for purge to start
2018-01-27 15:34:02 39 [Note] InnoDB: 5.6.37 started; log sequence number 3323354
2018-01-27 15:34:02 39 [Note] Server hostname (bind-address): '*'; port: 3306
2018-01-27 15:34:02 39 [Note] IPv6 is available.
2018-01-27 15:34:02 39 [Note]   - '::' resolves to '::';
2018-01-27 15:34:02 39 [Note] Server socket created on IP: '::'.
2018-01-27 15:34:02 39 [Warning] 'user' entry 'root@e24d0b5cccc1' ignored in --skip-name-resolve mode.
2018-01-27 15:34:02 39 [Warning] 'user' entry '@e24d0b5cccc1' ignored in --skip-name-resolve mode.
2018-01-27 15:34:02 39 [Warning] 'proxies_priv' entry '@ root@e24d0b5cccc1' ignored in --skip-name-resolve mode.
2018-01-27 15:34:02 39 [Note] Event Scheduler: Loaded 0 events
2018-01-27 15:34:02 39 [Note] /usr/sbin/mysqld: ready for connections.
Version: '5.6.37'  socket: '/var/run/mysqld/mysqld.sock'  port: 3306  MySQL Community Server (GPL)
2018-01-27 15:48:40 39 [Note] /usr/sbin/mysqld: Normal shutdown

2018-01-27 15:48:40 39 [Note] Giving 0 client threads a chance to die gracefully
2018-01-27 15:48:40 39 [Note] Event Scheduler: Purging the queue. 0 events
2018-01-27 15:48:40 39 [Note] Shutting down slave threads
2018-01-27 15:48:40 39 [Note] Forcefully disconnecting 0 remaining clients
2018-01-27 15:48:40 39 [Note] Binlog end
2018-01-27 15:48:40 39 [Note] Shutting down plugin 'partition'
2018-01-27 15:48:40 39 [Note] Shutting down plugin 'INNODB_SYS_DATAFILES'
2018-01-27 15:48:40 39 [Note] Shutting down plugin 'INNODB_SYS_TABLESPACES'
2018-01-27 15:48:40 39 [Note] Shutting down plugin 'INNODB_SYS_FOREIGN_COLS'
2018-01-27 15:48:40 39 [Note] Shutting down plugin 'INNODB_SYS_FOREIGN'
2018-01-27 15:48:40 39 [Note] Shutting down plugin 'INNODB_SYS_FIELDS'
2018-01-27 15:48:40 39 [Note] Shutting down plugin 'INNODB_SYS_COLUMNS'
2018-01-27 15:48:40 39 [Note] Shutting down plugin 'INNODB_SYS_INDEXES'
2018-01-27 15:48:40 39 [Note] Shutting down plugin 'INNODB_SYS_TABLESTATS'
2018-01-27 15:48:40 39 [Note] Shutting down plugin 'INNODB_SYS_TABLES'
2018-01-27 15:48:40 39 [Note] Shutting down plugin 'INNODB_FT_INDEX_TABLE'
2018-01-27 15:48:40 39 [Note] Shutting down plugin 'INNODB_FT_INDEX_CACHE'
2018-01-27 15:48:40 39 [Note] Shutting down plugin 'INNODB_FT_CONFIG'
2018-01-27 15:48:40 39 [Note] Shutting down plugin 'INNODB_FT_BEING_DELETED'
2018-01-27 15:48:40 39 [Note] Shutting down plugin 'INNODB_FT_DELETED'
2018-01-27 15:48:40 39 [Note] Shutting down plugin 'INNODB_FT_DEFAULT_STOPWORD'
2018-01-27 15:48:40 39 [Note] Shutting down plugin 'INNODB_METRICS'
2018-01-27 15:48:40 39 [Note] Shutting down plugin 'INNODB_BUFFER_POOL_STATS'
2018-01-27 15:48:40 39 [Note] Shutting down plugin 'INNODB_BUFFER_PAGE_LRU'
2018-01-27 15:48:40 39 [Note] Shutting down plugin 'INNODB_BUFFER_PAGE'
2018-01-27 15:48:40 39 [Note] Shutting down plugin 'INNODB_CMP_PER_INDEX_RESET'
2018-01-27 15:48:40 39 [Note] Shutting down plugin 'INNODB_CMP_PER_INDEX'
2018-01-27 15:48:40 39 [Note] Shutting down plugin 'INNODB_CMPMEM_RESET'
2018-01-27 15:48:40 39 [Note] Shutting down plugin 'INNODB_CMPMEM'
2018-01-27 15:48:40 39 [Note] Shutting down plugin 'INNODB_CMP_RESET'
2018-01-27 15:48:40 39 [Note] Shutting down plugin 'INNODB_CMP'
2018-01-27 15:48:40 39 [Note] Shutting down plugin 'INNODB_LOCK_WAITS'
2018-01-27 15:48:40 39 [Note] Shutting down plugin 'INNODB_LOCKS'
2018-01-27 15:48:40 39 [Note] Shutting down plugin 'INNODB_TRX'
2018-01-27 15:48:40 39 [Note] Shutting down plugin 'InnoDB'
2018-01-27 15:48:40 39 [Note] InnoDB: FTS optimize thread exiting.
2018-01-27 15:48:40 39 [Note] InnoDB: Starting shutdown...
2018-01-27 15:48:42 39 [Note] InnoDB: Shutdown completed; log sequence number 3323364
2018-01-27 15:48:42 39 [Note] Shutting down plugin 'BLACKHOLE'
2018-01-27 15:48:42 39 [Note] Shutting down plugin 'ARCHIVE'
2018-01-27 15:48:42 39 [Note] Shutting down plugin 'PERFORMANCE_SCHEMA'
2018-01-27 15:48:42 39 [Note] Shutting down plugin 'MEMORY'
2018-01-27 15:48:42 39 [Note] Shutting down plugin 'MyISAM'
2018-01-27 15:48:42 39 [Note] Shutting down plugin 'MRG_MYISAM'
2018-01-27 15:48:42 39 [Note] Shutting down plugin 'CSV'
2018-01-27 15:48:42 39 [Note] Shutting down plugin 'sha256_password'
2018-01-27 15:48:42 39 [Note] Shutting down plugin 'mysql_old_password'
2018-01-27 15:48:42 39 [Note] Shutting down plugin 'mysql_native_password'
2018-01-27 15:48:42 39 [Note] Shutting down plugin 'binlog'
2018-01-27 15:48:42 39 [Note] /usr/sbin/mysqld: Shutdown complete

2018-01-27 18:12:58 40 [Warning] Using unique option prefix myisam-recover instead of myisam-recover-options is deprecated and will be removed in a future release. Please use the full name instead.
2018-01-27 18:12:58 40 [Note] Plugin 'FEDERATED' is disabled.
2018-01-27 18:12:58 40 [Note] InnoDB: Using atomics to ref count buffer pool pages
2018-01-27 18:12:58 40 [Note] InnoDB: The InnoDB memory heap is disabled
2018-01-27 18:12:58 40 [Note] InnoDB: Mutexes and rw_locks use GCC atomic builtins
2018-01-27 18:12:58 40 [Note] InnoDB: Memory barrier is not used
2018-01-27 18:12:58 40 [Note] InnoDB: Compressed tables use zlib 1.2.3
2018-01-27 18:12:58 40 [Note] InnoDB: Using Linux native AIO
2018-01-27 18:12:58 40 [Note] InnoDB: Using CPU crc32 instructions
2018-01-27 18:12:58 40 [Note] InnoDB: Initializing buffer pool, size = 32.0M
2018-01-27 18:12:58 40 [Note] InnoDB: Completed initialization of buffer pool
2018-01-27 18:12:58 40 [Note] InnoDB: Highest supported file format is Barracuda.
2018-01-27 18:12:58 40 [Note] InnoDB: 128 rollback segment(s) are active.
2018-01-27 18:12:58 40 [Note] InnoDB: Waiting for purge to start
2018-01-27 18:12:58 40 [Note] InnoDB: 5.6.37 started; log sequence number 3323364
2018-01-27 18:12:58 40 [Note] Server hostname (bind-address): '*'; port: 3306
2018-01-27 18:12:58 40 [Note] IPv6 is available.
2018-01-27 18:12:58 40 [Note]   - '::' resolves to '::';
2018-01-27 18:12:58 40 [Note] Server socket created on IP: '::'.
2018-01-27 18:12:58 40 [Warning] 'user' entry 'root@e24d0b5cccc1' ignored in --skip-name-resolve mode.
2018-01-27 18:12:58 40 [Warning] 'user' entry '@e24d0b5cccc1' ignored in --skip-name-resolve mode.
2018-01-27 18:12:58 40 [Warning] 'proxies_priv' entry '@ root@e24d0b5cccc1' ignored in --skip-name-resolve mode.
2018-01-27 18:12:58 40 [Note] Event Scheduler: Loaded 0 events
2018-01-27 18:12:58 40 [Note] /usr/sbin/mysqld: ready for connections.
Version: '5.6.37'  socket: '/var/run/mysqld/mysqld.sock'  port: 3306  MySQL Community Server (GPL)
2018-01-27 18:18:08 40 [Note] /usr/sbin/mysqld: Normal shutdown

2018-01-27 18:18:08 40 [Note] Giving 0 client threads a chance to die gracefully
2018-01-27 18:18:08 40 [Note] Event Scheduler: Purging the queue. 0 events
2018-01-27 18:18:08 40 [Note] Shutting down slave threads
2018-01-27 18:18:08 40 [Note] Forcefully disconnecting 0 remaining clients
2018-01-27 18:18:08 40 [Note] Binlog end
2018-01-27 18:18:09 40 [Note] Shutting down plugin 'partition'
2018-01-27 18:18:09 40 [Note] Shutting down plugin 'INNODB_SYS_DATAFILES'
2018-01-27 18:18:09 40 [Note] Shutting down plugin 'INNODB_SYS_TABLESPACES'
2018-01-27 18:18:09 40 [Note] Shutting down plugin 'INNODB_SYS_FOREIGN_COLS'
2018-01-27 18:18:09 40 [Note] Shutting down plugin 'INNODB_SYS_FOREIGN'
2018-01-27 18:18:09 40 [Note] Shutting down plugin 'INNODB_SYS_FIELDS'
2018-01-27 18:18:09 40 [Note] Shutting down plugin 'INNODB_SYS_COLUMNS'
2018-01-27 18:18:09 40 [Note] Shutting down plugin 'INNODB_SYS_INDEXES'
2018-01-27 18:18:09 40 [Note] Shutting down plugin 'INNODB_SYS_TABLESTATS'
2018-01-27 18:18:09 40 [Note] Shutting down plugin 'INNODB_SYS_TABLES'
2018-01-27 18:18:09 40 [Note] Shutting down plugin 'INNODB_FT_INDEX_TABLE'
2018-01-27 18:18:09 40 [Note] Shutting down plugin 'INNODB_FT_INDEX_CACHE'
2018-01-27 18:18:09 40 [Note] Shutting down plugin 'INNODB_FT_CONFIG'
2018-01-27 18:18:09 40 [Note] Shutting down plugin 'INNODB_FT_BEING_DELETED'
2018-01-27 18:18:09 40 [Note] Shutting down plugin 'INNODB_FT_DELETED'
2018-01-27 18:18:09 40 [Note] Shutting down plugin 'INNODB_FT_DEFAULT_STOPWORD'
2018-01-27 18:18:09 40 [Note] Shutting down plugin 'INNODB_METRICS'
2018-01-27 18:18:09 40 [Note] Shutting down plugin 'INNODB_BUFFER_POOL_STATS'
2018-01-27 18:18:09 40 [Note] Shutting down plugin 'INNODB_BUFFER_PAGE_LRU'
2018-01-27 18:18:09 40 [Note] Shutting down plugin 'INNODB_BUFFER_PAGE'
2018-01-27 18:18:09 40 [Note] Shutting down plugin 'INNODB_CMP_PER_INDEX_RESET'
2018-01-27 18:18:09 40 [Note] Shutting down plugin 'INNODB_CMP_PER_INDEX'
2018-01-27 18:18:09 40 [Note] Shutting down plugin 'INNODB_CMPMEM_RESET'
2018-01-27 18:18:09 40 [Note] Shutting down plugin 'INNODB_CMPMEM'
2018-01-27 18:18:09 40 [Note] Shutting down plugin 'INNODB_CMP_RESET'
2018-01-27 18:18:09 40 [Note] Shutting down plugin 'INNODB_CMP'
2018-01-27 18:18:09 40 [Note] Shutting down plugin 'INNODB_LOCK_WAITS'
2018-01-27 18:18:09 40 [Note] Shutting down plugin 'INNODB_LOCKS'
2018-01-27 18:18:09 40 [Note] Shutting down plugin 'INNODB_TRX'
2018-01-27 18:18:09 40 [Note] Shutting down plugin 'InnoDB'
2018-01-27 18:18:09 40 [Note] InnoDB: FTS optimize thread exiting.
2018-01-27 18:18:09 40 [Note] InnoDB: Starting shutdown...
2018-01-27 18:18:10 40 [Note] InnoDB: Shutdown completed; log sequence number 3323374
2018-01-27 18:18:10 40 [Note] Shutting down plugin 'BLACKHOLE'
2018-01-27 18:18:10 40 [Note] Shutting down plugin 'ARCHIVE'
2018-01-27 18:18:10 40 [Note] Shutting down plugin 'PERFORMANCE_SCHEMA'
2018-01-27 18:18:10 40 [Note] Shutting down plugin 'MEMORY'
2018-01-27 18:18:10 40 [Note] Shutting down plugin 'MyISAM'
2018-01-27 18:18:10 40 [Note] Shutting down plugin 'MRG_MYISAM'
2018-01-27 18:18:10 40 [Note] Shutting down plugin 'CSV'
2018-01-27 18:18:10 40 [Note] Shutting down plugin 'sha256_password'
2018-01-27 18:18:10 40 [Note] Shutting down plugin 'mysql_old_password'
2018-01-27 18:18:10 40 [Note] Shutting down plugin 'mysql_native_password'
2018-01-27 18:18:10 40 [Note] Shutting down plugin 'binlog'
2018-01-27 18:18:10 40 [Note] /usr/sbin/mysqld: Shutdown complete

2018-01-27 19:33:40 38 [Warning] Using unique option prefix myisam-recover instead of myisam-recover-options is deprecated and will be removed in a future release. Please use the full name instead.
2018-01-27 19:33:40 38 [Note] Plugin 'FEDERATED' is disabled.
2018-01-27 19:33:40 38 [Note] InnoDB: Using atomics to ref count buffer pool pages
2018-01-27 19:33:40 38 [Note] InnoDB: The InnoDB memory heap is disabled
2018-01-27 19:33:40 38 [Note] InnoDB: Mutexes and rw_locks use GCC atomic builtins
2018-01-27 19:33:40 38 [Note] InnoDB: Memory barrier is not used
2018-01-27 19:33:40 38 [Note] InnoDB: Compressed tables use zlib 1.2.3
2018-01-27 19:33:40 38 [Note] InnoDB: Using Linux native AIO
2018-01-27 19:33:40 38 [Note] InnoDB: Using CPU crc32 instructions
2018-01-27 19:33:40 38 [Note] InnoDB: Initializing buffer pool, size = 32.0M
2018-01-27 19:33:40 38 [Note] InnoDB: Completed initialization of buffer pool
2018-01-27 19:33:40 38 [Note] InnoDB: Highest supported file format is Barracuda.
2018-01-27 19:33:40 38 [Note] InnoDB: 128 rollback segment(s) are active.
2018-01-27 19:33:40 38 [Note] InnoDB: Waiting for purge to start
2018-01-27 19:33:41 38 [Note] InnoDB: 5.6.37 started; log sequence number 3323374
2018-01-27 19:33:41 38 [Note] Server hostname (bind-address): '*'; port: 3306
2018-01-27 19:33:41 38 [Note] IPv6 is available.
2018-01-27 19:33:41 38 [Note]   - '::' resolves to '::';
2018-01-27 19:33:41 38 [Note] Server socket created on IP: '::'.
2018-01-27 19:33:41 38 [Warning] 'user' entry 'root@e24d0b5cccc1' ignored in --skip-name-resolve mode.
2018-01-27 19:33:41 38 [Warning] 'user' entry '@e24d0b5cccc1' ignored in --skip-name-resolve mode.
2018-01-27 19:33:41 38 [Warning] 'proxies_priv' entry '@ root@e24d0b5cccc1' ignored in --skip-name-resolve mode.
2018-01-27 19:33:41 38 [Note] Event Scheduler: Loaded 0 events
2018-01-27 19:33:41 38 [Note] /usr/sbin/mysqld: ready for connections.
Version: '5.6.37'  socket: '/var/run/mysqld/mysqld.sock'  port: 3306  MySQL Community Server (GPL)
2018-01-27 23:42:24 38 [Note] /usr/sbin/mysqld: Normal shutdown

2018-01-27 23:42:24 38 [Note] Giving 0 client threads a chance to die gracefully
2018-01-27 23:42:24 38 [Note] Event Scheduler: Purging the queue. 0 events
2018-01-27 23:42:24 38 [Note] Shutting down slave threads
2018-01-27 23:42:24 38 [Note] Forcefully disconnecting 0 remaining clients
2018-01-27 23:42:24 38 [Note] Binlog end
2018-01-27 23:42:24 38 [Note] Shutting down plugin 'partition'
2018-01-27 23:42:24 38 [Note] Shutting down plugin 'INNODB_SYS_DATAFILES'
2018-01-27 23:42:24 38 [Note] Shutting down plugin 'INNODB_SYS_TABLESPACES'
2018-01-27 23:42:24 38 [Note] Shutting down plugin 'INNODB_SYS_FOREIGN_COLS'
2018-01-27 23:42:24 38 [Note] Shutting down plugin 'INNODB_SYS_FOREIGN'
2018-01-27 23:42:24 38 [Note] Shutting down plugin 'INNODB_SYS_FIELDS'
2018-01-27 23:42:24 38 [Note] Shutting down plugin 'INNODB_SYS_COLUMNS'
2018-01-27 23:42:24 38 [Note] Shutting down plugin 'INNODB_SYS_INDEXES'
2018-01-27 23:42:24 38 [Note] Shutting down plugin 'INNODB_SYS_TABLESTATS'
2018-01-27 23:42:24 38 [Note] Shutting down plugin 'INNODB_SYS_TABLES'
2018-01-27 23:42:24 38 [Note] Shutting down plugin 'INNODB_FT_INDEX_TABLE'
2018-01-27 23:42:24 38 [Note] Shutting down plugin 'INNODB_FT_INDEX_CACHE'
2018-01-27 23:42:24 38 [Note] Shutting down plugin 'INNODB_FT_CONFIG'
2018-01-27 23:42:24 38 [Note] Shutting down plugin 'INNODB_FT_BEING_DELETED'
2018-01-27 23:42:24 38 [Note] Shutting down plugin 'INNODB_FT_DELETED'
2018-01-27 23:42:24 38 [Note] Shutting down plugin 'INNODB_FT_DEFAULT_STOPWORD'
2018-01-27 23:42:24 38 [Note] Shutting down plugin 'INNODB_METRICS'
2018-01-27 23:42:24 38 [Note] Shutting down plugin 'INNODB_BUFFER_POOL_STATS'
2018-01-27 23:42:24 38 [Note] Shutting down plugin 'INNODB_BUFFER_PAGE_LRU'
2018-01-27 23:42:24 38 [Note] Shutting down plugin 'INNODB_BUFFER_PAGE'
2018-01-27 23:42:24 38 [Note] Shutting down plugin 'INNODB_CMP_PER_INDEX_RESET'
2018-01-27 23:42:24 38 [Note] Shutting down plugin 'INNODB_CMP_PER_INDEX'
2018-01-27 23:42:24 38 [Note] Shutting down plugin 'INNODB_CMPMEM_RESET'
2018-01-27 23:42:24 38 [Note] Shutting down plugin 'INNODB_CMPMEM'
2018-01-27 23:42:24 38 [Note] Shutting down plugin 'INNODB_CMP_RESET'
2018-01-27 23:42:24 38 [Note] Shutting down plugin 'INNODB_CMP'
2018-01-27 23:42:24 38 [Note] Shutting down plugin 'INNODB_LOCK_WAITS'
2018-01-27 23:42:24 38 [Note] Shutting down plugin 'INNODB_LOCKS'
2018-01-27 23:42:24 38 [Note] Shutting down plugin 'INNODB_TRX'
2018-01-27 23:42:24 38 [Note] Shutting down plugin 'InnoDB'
2018-01-27 23:42:24 38 [Note] InnoDB: FTS optimize thread exiting.
2018-01-27 23:42:24 38 [Note] InnoDB: Starting shutdown...
2018-01-27 23:42:26 38 [Note] InnoDB: Shutdown completed; log sequence number 3885513
2018-01-27 23:42:26 38 [Note] Shutting down plugin 'BLACKHOLE'
2018-01-27 23:42:26 38 [Note] Shutting down plugin 'ARCHIVE'
2018-01-27 23:42:26 38 [Note] Shutting down plugin 'PERFORMANCE_SCHEMA'
2018-01-27 23:42:26 38 [Note] Shutting down plugin 'MEMORY'
2018-01-27 23:42:26 38 [Note] Shutting down plugin 'MyISAM'
2018-01-27 23:42:26 38 [Note] Shutting down plugin 'MRG_MYISAM'
2018-01-27 23:42:26 38 [Note] Shutting down plugin 'CSV'
2018-01-27 23:42:26 38 [Note] Shutting down plugin 'sha256_password'
2018-01-27 23:42:26 38 [Note] Shutting down plugin 'mysql_old_password'
2018-01-27 23:42:26 38 [Note] Shutting down plugin 'mysql_native_password'
2018-01-27 23:42:26 38 [Note] Shutting down plugin 'binlog'
2018-01-27 23:42:26 38 [Note] /usr/sbin/mysqld: Shutdown complete

2018-01-28 03:18:01 20 [Warning] Using unique option prefix myisam-recover instead of myisam-recover-options is deprecated and will be removed in a future release. Please use the full name instead.
2018-01-28 03:18:01 20 [Note] Plugin 'FEDERATED' is disabled.
2018-01-28 03:18:01 20 [Note] InnoDB: Using atomics to ref count buffer pool pages
2018-01-28 03:18:01 20 [Note] InnoDB: The InnoDB memory heap is disabled
2018-01-28 03:18:01 20 [Note] InnoDB: Mutexes and rw_locks use GCC atomic builtins
2018-01-28 03:18:01 20 [Note] InnoDB: Memory barrier is not used
2018-01-28 03:18:01 20 [Note] InnoDB: Compressed tables use zlib 1.2.3
2018-01-28 03:18:01 20 [Note] InnoDB: Using Linux native AIO
2018-01-28 03:18:01 20 [Note] InnoDB: Using CPU crc32 instructions
2018-01-28 03:18:01 20 [Note] InnoDB: Initializing buffer pool, size = 32.0M
2018-01-28 03:18:01 20 [Note] InnoDB: Completed initialization of buffer pool
2018-01-28 03:18:01 20 [Note] InnoDB: Highest supported file format is Barracuda.
2018-01-28 03:18:01 20 [Note] InnoDB: 128 rollback segment(s) are active.
2018-01-28 03:18:01 20 [Note] InnoDB: Waiting for purge to start
2018-01-28 03:18:01 20 [Note] InnoDB: 5.6.37 started; log sequence number 3885513
2018-01-28 03:18:01 20 [Note] Server hostname (bind-address): '*'; port: 3306
2018-01-28 03:18:01 20 [Note] IPv6 is available.
2018-01-28 03:18:01 20 [Note]   - '::' resolves to '::';
2018-01-28 03:18:01 20 [Note] Server socket created on IP: '::'.
2018-01-28 03:18:01 20 [Warning] 'user' entry 'root@e24d0b5cccc1' ignored in --skip-name-resolve mode.
2018-01-28 03:18:01 20 [Warning] 'user' entry '@e24d0b5cccc1' ignored in --skip-name-resolve mode.
2018-01-28 03:18:01 20 [Warning] 'proxies_priv' entry '@ root@e24d0b5cccc1' ignored in --skip-name-resolve mode.
2018-01-28 03:18:01 20 [Note] Event Scheduler: Loaded 0 events
2018-01-28 03:18:01 20 [Note] /usr/sbin/mysqld: ready for connections.
Version: '5.6.37'  socket: '/var/run/mysqld/mysqld.sock'  port: 3306  MySQL Community Server (GPL)
2018-01-28 03:34:37 20 [Note] /usr/sbin/mysqld: Normal shutdown

2018-01-28 03:34:37 20 [Note] Giving 0 client threads a chance to die gracefully
2018-01-28 03:34:37 20 [Note] Event Scheduler: Purging the queue. 0 events
2018-01-28 03:34:37 20 [Note] Shutting down slave threads
2018-01-28 03:34:37 20 [Note] Forcefully disconnecting 0 remaining clients
2018-01-28 03:34:37 20 [Note] Binlog end
2018-01-28 03:34:37 20 [Note] Shutting down plugin 'partition'
2018-01-28 03:34:37 20 [Note] Shutting down plugin 'INNODB_SYS_DATAFILES'
2018-01-28 03:34:37 20 [Note] Shutting down plugin 'INNODB_SYS_TABLESPACES'
2018-01-28 03:34:37 20 [Note] Shutting down plugin 'INNODB_SYS_FOREIGN_COLS'
2018-01-28 03:34:37 20 [Note] Shutting down plugin 'INNODB_SYS_FOREIGN'
2018-01-28 03:34:37 20 [Note] Shutting down plugin 'INNODB_SYS_FIELDS'
2018-01-28 03:34:37 20 [Note] Shutting down plugin 'INNODB_SYS_COLUMNS'
2018-01-28 03:34:37 20 [Note] Shutting down plugin 'INNODB_SYS_INDEXES'
2018-01-28 03:34:37 20 [Note] Shutting down plugin 'INNODB_SYS_TABLESTATS'
2018-01-28 03:34:37 20 [Note] Shutting down plugin 'INNODB_SYS_TABLES'
2018-01-28 03:34:37 20 [Note] Shutting down plugin 'INNODB_FT_INDEX_TABLE'
2018-01-28 03:34:37 20 [Note] Shutting down plugin 'INNODB_FT_INDEX_CACHE'
2018-01-28 03:34:37 20 [Note] Shutting down plugin 'INNODB_FT_CONFIG'
2018-01-28 03:34:37 20 [Note] Shutting down plugin 'INNODB_FT_BEING_DELETED'
2018-01-28 03:34:37 20 [Note] Shutting down plugin 'INNODB_FT_DELETED'
2018-01-28 03:34:37 20 [Note] Shutting down plugin 'INNODB_FT_DEFAULT_STOPWORD'
2018-01-28 03:34:37 20 [Note] Shutting down plugin 'INNODB_METRICS'
2018-01-28 03:34:37 20 [Note] Shutting down plugin 'INNODB_BUFFER_POOL_STATS'
2018-01-28 03:34:37 20 [Note] Shutting down plugin 'INNODB_BUFFER_PAGE_LRU'
2018-01-28 03:34:37 20 [Note] Shutting down plugin 'INNODB_BUFFER_PAGE'
2018-01-28 03:34:37 20 [Note] Shutting down plugin 'INNODB_CMP_PER_INDEX_RESET'
2018-01-28 03:34:37 20 [Note] Shutting down plugin 'INNODB_CMP_PER_INDEX'
2018-01-28 03:34:37 20 [Note] Shutting down plugin 'INNODB_CMPMEM_RESET'
2018-01-28 03:34:37 20 [Note] Shutting down plugin 'INNODB_CMPMEM'
2018-01-28 03:34:37 20 [Note] Shutting down plugin 'INNODB_CMP_RESET'
2018-01-28 03:34:37 20 [Note] Shutting down plugin 'INNODB_CMP'
2018-01-28 03:34:37 20 [Note] Shutting down plugin 'INNODB_LOCK_WAITS'
2018-01-28 03:34:37 20 [Note] Shutting down plugin 'INNODB_LOCKS'
2018-01-28 03:34:37 20 [Note] Shutting down plugin 'INNODB_TRX'
2018-01-28 03:34:37 20 [Note] Shutting down plugin 'InnoDB'
2018-01-28 03:34:37 20 [Note] InnoDB: FTS optimize thread exiting.
2018-01-28 03:34:37 20 [Note] InnoDB: Starting shutdown...
2018-01-28 03:34:39 20 [Note] InnoDB: Shutdown completed; log sequence number 3922145
2018-01-28 03:34:39 20 [Note] Shutting down plugin 'BLACKHOLE'
2018-01-28 03:34:39 20 [Note] Shutting down plugin 'ARCHIVE'
2018-01-28 03:34:39 20 [Note] Shutting down plugin 'PERFORMANCE_SCHEMA'
2018-01-28 03:34:39 20 [Note] Shutting down plugin 'MEMORY'
2018-01-28 03:34:39 20 [Note] Shutting down plugin 'MyISAM'
2018-01-28 03:34:39 20 [Note] Shutting down plugin 'MRG_MYISAM'
2018-01-28 03:34:39 20 [Note] Shutting down plugin 'CSV'
2018-01-28 03:34:39 20 [Note] Shutting down plugin 'sha256_password'
2018-01-28 03:34:39 20 [Note] Shutting down plugin 'mysql_old_password'
2018-01-28 03:34:39 20 [Note] Shutting down plugin 'mysql_native_password'
2018-01-28 03:34:39 20 [Note] Shutting down plugin 'binlog'
2018-01-28 03:34:39 20 [Note] /usr/sbin/mysqld: Shutdown complete

2018-01-28 22:37:03 42 [Warning] Using unique option prefix myisam-recover instead of myisam-recover-options is deprecated and will be removed in a future release. Please use the full name instead.
2018-01-28 22:37:03 42 [Note] Plugin 'FEDERATED' is disabled.
2018-01-28 22:37:03 42 [Note] InnoDB: Using atomics to ref count buffer pool pages
2018-01-28 22:37:03 42 [Note] InnoDB: The InnoDB memory heap is disabled
2018-01-28 22:37:03 42 [Note] InnoDB: Mutexes and rw_locks use GCC atomic builtins
2018-01-28 22:37:03 42 [Note] InnoDB: Memory barrier is not used
2018-01-28 22:37:03 42 [Note] InnoDB: Compressed tables use zlib 1.2.3
2018-01-28 22:37:03 42 [Note] InnoDB: Using Linux native AIO
2018-01-28 22:37:03 42 [Note] InnoDB: Using CPU crc32 instructions
2018-01-28 22:37:03 42 [Note] InnoDB: Initializing buffer pool, size = 32.0M
2018-01-28 22:37:03 42 [Note] InnoDB: Completed initialization of buffer pool
2018-01-28 22:37:03 42 [Note] InnoDB: Highest supported file format is Barracuda.
2018-01-28 22:37:04 42 [Note] InnoDB: 128 rollback segment(s) are active.
2018-01-28 22:37:04 42 [Note] InnoDB: Waiting for purge to start
2018-01-28 22:37:04 42 [Note] InnoDB: 5.6.37 started; log sequence number 3922145
2018-01-28 22:37:04 42 [Note] Server hostname (bind-address): '*'; port: 3306
2018-01-28 22:37:04 42 [Note] IPv6 is available.
2018-01-28 22:37:04 42 [Note]   - '::' resolves to '::';
2018-01-28 22:37:04 42 [Note] Server socket created on IP: '::'.
2018-01-28 22:37:04 42 [Warning] 'user' entry 'root@e24d0b5cccc1' ignored in --skip-name-resolve mode.
2018-01-28 22:37:04 42 [Warning] 'user' entry '@e24d0b5cccc1' ignored in --skip-name-resolve mode.
2018-01-28 22:37:04 42 [Warning] 'proxies_priv' entry '@ root@e24d0b5cccc1' ignored in --skip-name-resolve mode.
2018-01-28 22:37:04 42 [Note] Event Scheduler: Loaded 0 events
2018-01-28 22:37:04 42 [Note] /usr/sbin/mysqld: ready for connections.
Version: '5.6.37'  socket: '/var/run/mysqld/mysqld.sock'  port: 3306  MySQL Community Server (GPL)
2018-01-29 02:45:50 42 [Note] /usr/sbin/mysqld: Normal shutdown

2018-01-29 02:45:50 42 [Note] Giving 0 client threads a chance to die gracefully
2018-01-29 02:45:50 42 [Note] Event Scheduler: Purging the queue. 0 events
2018-01-29 02:45:50 42 [Note] Shutting down slave threads
2018-01-29 02:45:50 42 [Note] Forcefully disconnecting 0 remaining clients
2018-01-29 02:45:50 42 [Note] Binlog end
2018-01-29 02:45:50 42 [Note] Shutting down plugin 'partition'
2018-01-29 02:45:50 42 [Note] Shutting down plugin 'INNODB_SYS_DATAFILES'
2018-01-29 02:45:50 42 [Note] Shutting down plugin 'INNODB_SYS_TABLESPACES'
2018-01-29 02:45:50 42 [Note] Shutting down plugin 'INNODB_SYS_FOREIGN_COLS'
2018-01-29 02:45:50 42 [Note] Shutting down plugin 'INNODB_SYS_FOREIGN'
2018-01-29 02:45:50 42 [Note] Shutting down plugin 'INNODB_SYS_FIELDS'
2018-01-29 02:45:50 42 [Note] Shutting down plugin 'INNODB_SYS_COLUMNS'
2018-01-29 02:45:50 42 [Note] Shutting down plugin 'INNODB_SYS_INDEXES'
2018-01-29 02:45:50 42 [Note] Shutting down plugin 'INNODB_SYS_TABLESTATS'
2018-01-29 02:45:50 42 [Note] Shutting down plugin 'INNODB_SYS_TABLES'
2018-01-29 02:45:50 42 [Note] Shutting down plugin 'INNODB_FT_INDEX_TABLE'
2018-01-29 02:45:50 42 [Note] Shutting down plugin 'INNODB_FT_INDEX_CACHE'
2018-01-29 02:45:50 42 [Note] Shutting down plugin 'INNODB_FT_CONFIG'
2018-01-29 02:45:50 42 [Note] Shutting down plugin 'INNODB_FT_BEING_DELETED'
2018-01-29 02:45:50 42 [Note] Shutting down plugin 'INNODB_FT_DELETED'
2018-01-29 02:45:50 42 [Note] Shutting down plugin 'INNODB_FT_DEFAULT_STOPWORD'
2018-01-29 02:45:50 42 [Note] Shutting down plugin 'INNODB_METRICS'
2018-01-29 02:45:50 42 [Note] Shutting down plugin 'INNODB_BUFFER_POOL_STATS'
2018-01-29 02:45:50 42 [Note] Shutting down plugin 'INNODB_BUFFER_PAGE_LRU'
2018-01-29 02:45:50 42 [Note] Shutting down plugin 'INNODB_BUFFER_PAGE'
2018-01-29 02:45:50 42 [Note] Shutting down plugin 'INNODB_CMP_PER_INDEX_RESET'
2018-01-29 02:45:50 42 [Note] Shutting down plugin 'INNODB_CMP_PER_INDEX'
2018-01-29 02:45:50 42 [Note] Shutting down plugin 'INNODB_CMPMEM_RESET'
2018-01-29 02:45:50 42 [Note] Shutting down plugin 'INNODB_CMPMEM'
2018-01-29 02:45:50 42 [Note] Shutting down plugin 'INNODB_CMP_RESET'
2018-01-29 02:45:50 42 [Note] Shutting down plugin 'INNODB_CMP'
2018-01-29 02:45:50 42 [Note] Shutting down plugin 'INNODB_LOCK_WAITS'
2018-01-29 02:45:50 42 [Note] Shutting down plugin 'INNODB_LOCKS'
2018-01-29 02:45:50 42 [Note] Shutting down plugin 'INNODB_TRX'
2018-01-29 02:45:50 42 [Note] Shutting down plugin 'InnoDB'
2018-01-29 02:45:50 42 [Note] InnoDB: FTS optimize thread exiting.
2018-01-29 02:45:50 42 [Note] InnoDB: Starting shutdown...
2018-01-31 01:33:17 60 [Warning] Using unique option prefix myisam-recover instead of myisam-recover-options is deprecated and will be removed in a future release. Please use the full name instead.
2018-01-31 01:33:17 60 [Note] Plugin 'FEDERATED' is disabled.
2018-01-31 01:33:17 60 [Note] InnoDB: Using atomics to ref count buffer pool pages
2018-01-31 01:33:17 60 [Note] InnoDB: The InnoDB memory heap is disabled
2018-01-31 01:33:17 60 [Note] InnoDB: Mutexes and rw_locks use GCC atomic builtins
2018-01-31 01:33:17 60 [Note] InnoDB: Memory barrier is not used
2018-01-31 01:33:17 60 [Note] InnoDB: Compressed tables use zlib 1.2.3
2018-01-31 01:33:17 60 [Note] InnoDB: Using Linux native AIO
2018-01-31 01:33:18 60 [Note] InnoDB: Using CPU crc32 instructions
2018-01-31 01:33:18 60 [Note] InnoDB: Initializing buffer pool, size = 32.0M
2018-01-31 01:33:18 60 [Note] InnoDB: Completed initialization of buffer pool
2018-01-31 01:33:18 60 [Note] InnoDB: Highest supported file format is Barracuda.
2018-01-31 01:33:19 60 [Note] InnoDB: 128 rollback segment(s) are active.
2018-01-31 01:33:19 60 [Note] InnoDB: Waiting for purge to start
2018-01-31 01:33:19 60 [Note] InnoDB: 5.6.37 started; log sequence number 4161355
2018-01-31 01:33:19 60 [Note] Server hostname (bind-address): '*'; port: 3306
2018-01-31 01:33:19 60 [Note] IPv6 is available.
2018-01-31 01:33:19 60 [Note]   - '::' resolves to '::';
2018-01-31 01:33:19 60 [Note] Server socket created on IP: '::'.
2018-01-31 01:33:20 60 [Warning] 'user' entry 'root@e24d0b5cccc1' ignored in --skip-name-resolve mode.
2018-01-31 01:33:20 60 [Warning] 'user' entry '@e24d0b5cccc1' ignored in --skip-name-resolve mode.
2018-01-31 01:33:20 60 [Warning] 'proxies_priv' entry '@ root@e24d0b5cccc1' ignored in --skip-name-resolve mode.
2018-01-31 01:33:20 60 [Note] Event Scheduler: Loaded 0 events
2018-01-31 01:33:20 60 [Note] /usr/sbin/mysqld: ready for connections.
Version: '5.6.37'  socket: '/var/run/mysqld/mysqld.sock'  port: 3306  MySQL Community Server (GPL)
2018-01-31 03:04:03 60 [Note] /usr/sbin/mysqld: Normal shutdown

2018-01-31 03:04:03 60 [Note] Giving 0 client threads a chance to die gracefully
2018-01-31 03:04:03 60 [Note] Event Scheduler: Purging the queue. 0 events
2018-01-31 03:04:03 60 [Note] Shutting down slave threads
2018-01-31 03:04:03 60 [Note] Forcefully disconnecting 0 remaining clients
2018-01-31 03:04:03 60 [Note] Binlog end
2018-01-31 03:04:04 60 [Note] Shutting down plugin 'partition'
2018-01-31 03:04:04 60 [Note] Shutting down plugin 'INNODB_SYS_DATAFILES'
2018-01-31 03:04:04 60 [Note] Shutting down plugin 'INNODB_SYS_TABLESPACES'
2018-01-31 03:04:04 60 [Note] Shutting down plugin 'INNODB_SYS_FOREIGN_COLS'
2018-01-31 03:04:04 60 [Note] Shutting down plugin 'INNODB_SYS_FOREIGN'
2018-01-31 03:04:04 60 [Note] Shutting down plugin 'INNODB_SYS_FIELDS'
2018-01-31 03:04:04 60 [Note] Shutting down plugin 'INNODB_SYS_COLUMNS'
2018-01-31 03:04:04 60 [Note] Shutting down plugin 'INNODB_SYS_INDEXES'
2018-01-31 03:04:04 60 [Note] Shutting down plugin 'INNODB_SYS_TABLESTATS'
2018-01-31 03:04:04 60 [Note] Shutting down plugin 'INNODB_SYS_TABLES'
2018-01-31 03:04:04 60 [Note] Shutting down plugin 'INNODB_FT_INDEX_TABLE'
2018-01-31 03:04:04 60 [Note] Shutting down plugin 'INNODB_FT_INDEX_CACHE'
2018-01-31 03:04:04 60 [Note] Shutting down plugin 'INNODB_FT_CONFIG'
2018-01-31 03:04:04 60 [Note] Shutting down plugin 'INNODB_FT_BEING_DELETED'
2018-01-31 03:04:04 60 [Note] Shutting down plugin 'INNODB_FT_DELETED'
2018-01-31 03:04:04 60 [Note] Shutting down plugin 'INNODB_FT_DEFAULT_STOPWORD'
2018-01-31 03:04:04 60 [Note] Shutting down plugin 'INNODB_METRICS'
2018-01-31 03:04:04 60 [Note] Shutting down plugin 'INNODB_BUFFER_POOL_STATS'
2018-01-31 03:04:04 60 [Note] Shutting down plugin 'INNODB_BUFFER_PAGE_LRU'
2018-01-31 03:04:04 60 [Note] Shutting down plugin 'INNODB_BUFFER_PAGE'
2018-01-31 03:04:04 60 [Note] Shutting down plugin 'INNODB_CMP_PER_INDEX_RESET'
2018-01-31 03:04:04 60 [Note] Shutting down plugin 'INNODB_CMP_PER_INDEX'
2018-01-31 03:04:04 60 [Note] Shutting down plugin 'INNODB_CMPMEM_RESET'
2018-01-31 03:04:04 60 [Note] Shutting down plugin 'INNODB_CMPMEM'
2018-01-31 03:04:04 60 [Note] Shutting down plugin 'INNODB_CMP_RESET'
2018-01-31 03:04:04 60 [Note] Shutting down plugin 'INNODB_CMP'
2018-01-31 03:04:04 60 [Note] Shutting down plugin 'INNODB_LOCK_WAITS'
2018-01-31 03:04:04 60 [Note] Shutting down plugin 'INNODB_LOCKS'
2018-01-31 03:04:04 60 [Note] Shutting down plugin 'INNODB_TRX'
2018-01-31 03:04:04 60 [Note] Shutting down plugin 'InnoDB'
2018-01-31 03:04:04 60 [Note] InnoDB: FTS optimize thread exiting.
2018-01-31 03:04:04 60 [Note] InnoDB: Starting shutdown...
2018-01-31 03:04:05 60 [Note] InnoDB: Shutdown completed; log sequence number 4805954
2018-01-31 03:04:05 60 [Note] Shutting down plugin 'BLACKHOLE'
2018-01-31 03:04:05 60 [Note] Shutting down plugin 'ARCHIVE'
2018-01-31 03:04:05 60 [Note] Shutting down plugin 'PERFORMANCE_SCHEMA'
2018-01-31 03:04:05 60 [Note] Shutting down plugin 'MEMORY'
2018-01-31 03:04:05 60 [Note] Shutting down plugin 'MyISAM'
2018-01-31 03:04:05 60 [Note] Shutting down plugin 'MRG_MYISAM'
2018-01-31 03:04:05 60 [Note] Shutting down plugin 'CSV'
2018-01-31 03:04:05 60 [Note] Shutting down plugin 'sha256_password'
2018-01-31 03:04:05 60 [Note] Shutting down plugin 'mysql_old_password'
2018-01-31 03:04:05 60 [Note] Shutting down plugin 'mysql_native_password'
2018-01-31 03:04:05 60 [Note] Shutting down plugin 'binlog'
2018-01-31 03:04:05 60 [Note] /usr/sbin/mysqld: Shutdown complete

2018-01-31 18:25:30 60 [Warning] Using unique option prefix myisam-recover instead of myisam-recover-options is deprecated and will be removed in a future release. Please use the full name instead.
2018-01-31 18:25:30 60 [Note] Plugin 'FEDERATED' is disabled.
2018-01-31 18:25:31 60 [Note] InnoDB: Using atomics to ref count buffer pool pages
2018-01-31 18:25:31 60 [Note] InnoDB: The InnoDB memory heap is disabled
2018-01-31 18:25:31 60 [Note] InnoDB: Mutexes and rw_locks use GCC atomic builtins
2018-01-31 18:25:31 60 [Note] InnoDB: Memory barrier is not used
2018-01-31 18:25:31 60 [Note] InnoDB: Compressed tables use zlib 1.2.3
2018-01-31 18:25:31 60 [Note] InnoDB: Using Linux native AIO
2018-01-31 18:25:31 60 [Note] InnoDB: Using CPU crc32 instructions
2018-01-31 18:25:31 60 [Note] InnoDB: Initializing buffer pool, size = 32.0M
2018-01-31 18:25:31 60 [Note] InnoDB: Completed initialization of buffer pool
2018-01-31 18:25:32 60 [Note] InnoDB: Highest supported file format is Barracuda.
2018-01-31 18:25:33 60 [Note] InnoDB: 128 rollback segment(s) are active.
2018-01-31 18:25:33 60 [Note] InnoDB: Waiting for purge to start
2018-01-31 18:25:33 60 [Note] InnoDB: 5.6.37 started; log sequence number 4805954
2018-01-31 18:25:33 60 [Note] Server hostname (bind-address): '*'; port: 3306
2018-01-31 18:25:33 60 [Note] IPv6 is available.
2018-01-31 18:25:33 60 [Note]   - '::' resolves to '::';
2018-01-31 18:25:33 60 [Note] Server socket created on IP: '::'.
2018-01-31 18:25:33 60 [Warning] 'user' entry 'root@e24d0b5cccc1' ignored in --skip-name-resolve mode.
2018-01-31 18:25:33 60 [Warning] 'user' entry '@e24d0b5cccc1' ignored in --skip-name-resolve mode.
2018-01-31 18:25:33 60 [Warning] 'proxies_priv' entry '@ root@e24d0b5cccc1' ignored in --skip-name-resolve mode.
2018-01-31 18:25:33 60 [Note] Event Scheduler: Loaded 0 events
2018-01-31 18:25:33 60 [Note] /usr/sbin/mysqld: ready for connections.
Version: '5.6.37'  socket: '/var/run/mysqld/mysqld.sock'  port: 3306  MySQL Community Server (GPL)
